This file contains any messages produced by compilers while
running configure, to aid debugging if configure makes a mistake.

It was created by syncd configure 0.2, which was
generated by GNU Autoconf 2.69.  Invocation command line was

  $ ./configure --prefix=/home/paul/syncd

## --------- ##
## Platform. ##
## --------- ##

hostname = Moby
uname -m = x86_64
uname -r = 3.17.2-1-ARCH
uname -s = Linux
uname -v = #1 SMP PREEMPT Thu Oct 30 20:49:39 CET 2014

/usr/bin/uname -p = unknown
/bin/uname -X     = unknown

/bin/arch              = unknown
/usr/bin/arch -k       = unknown
/usr/convex/getsysinfo = unknown
/usr/bin/hostinfo      = unknown
/bin/machine           = unknown
/usr/bin/oslevel       = unknown
/bin/universe          = unknown

PATH: /usr/local/sbin
PATH: /usr/local/bin
PATH: /usr/bin
PATH: /usr/lib/jvm/default/bin
PATH: /usr/bin/site_perl
PATH: /usr/bin/vendor_perl
PATH: /usr/bin/core_perl
PATH: /home/paul/.local/bin
PATH: /home/paul/bin
PATH: /home/paul/bin/android-studio/bin
PATH: /home/paul/bin/android-studio/sdk/tools


## ----------- ##
## Core tests. ##
## ----------- ##

configure:2390: checking for a BSD-compatible install
configure:2458: result: /usr/bin/install -c
configure:2469: checking whether build environment is sane
configure:2524: result: yes
configure:2675: checking for a thread-safe mkdir -p
configure:2714: result: /usr/bin/mkdir -p
configure:2721: checking for gawk
configure:2737: found /usr/bin/gawk
configure:2748: result: gawk
configure:2759: checking whether make sets $(MAKE)
configure:2781: result: yes
configure:2810: checking whether make supports nested variables
configure:2827: result: yes
configure:3005: checking for gcc
configure:3021: found /usr/bin/gcc
configure:3032: result: gcc
configure:3261: checking for C compiler version
configure:3270: gcc --version >&5
gcc (GCC) 4.9.1 20140903 (prerelease)
Copyright (C) 2014 Free Software Foundation, Inc.
This is free software; see the source for copying conditions.  There is NO
warranty; not even for MERCHANTABILITY or FITNESS FOR A PARTICULAR PURPOSE.

configure:3281: $? = 0
configure:3270: gcc -v >&5
Using built-in specs.
COLLECT_GCC=gcc
COLLECT_LTO_WRAPPER=/usr/lib/gcc/x86_64-unknown-linux-gnu/4.9.1/lto-wrapper
Target: x86_64-unknown-linux-gnu
Configured with: /build/gcc/src/gcc-4.9-20140903/configure --prefix=/usr --libdir=/usr/lib --libexecdir=/usr/lib --mandir=/usr/share/man --infodir=/usr/share/info --with-bugurl=https://bugs.archlinux.org/ --enable-languages=c,c++,ada,fortran,go,lto,objc,obj-c++ --enable-shared --enable-threads=posix --with-system-zlib --enable-__cxa_atexit --disable-libunwind-exceptions --enable-clocale=gnu --disable-libstdcxx-pch --disable-libssp --enable-gnu-unique-object --enable-linker-build-id --enable-cloog-backend=isl --disable-isl-version-check --disable-cloog-version-check --enable-lto --enable-plugin --enable-install-libiberty --with-linker-hash-style=gnu --disable-multilib --disable-werror --enable-checking=release
Thread model: posix
gcc version 4.9.1 20140903 (prerelease) (GCC) 
configure:3281: $? = 0
configure:3270: gcc -V >&5
gcc: error: unrecognized command line option '-V'
gcc: fatal error: no input files
compilation terminated.
configure:3281: $? = 1
configure:3270: gcc -qversion >&5
gcc: error: unrecognized command line option '-qversion'
gcc: fatal error: no input files
compilation terminated.
configure:3281: $? = 1
configure:3301: checking whether the C compiler works
configure:3323: gcc    conftest.c  >&5
configure:3327: $? = 0
configure:3375: result: yes
configure:3378: checking for C compiler default output file name
configure:3380: result: a.out
configure:3386: checking for suffix of executables
configure:3393: gcc -o conftest    conftest.c  >&5
configure:3397: $? = 0
configure:3419: result: 
configure:3441: checking whether we are cross compiling
configure:3449: gcc -o conftest    conftest.c  >&5
configure:3453: $? = 0
configure:3460: ./conftest
configure:3464: $? = 0
configure:3479: result: no
configure:3484: checking for suffix of object files
configure:3506: gcc -c   conftest.c >&5
configure:3510: $? = 0
configure:3531: result: o
configure:3535: checking whether we are using the GNU C compiler
configure:3554: gcc -c   conftest.c >&5
configure:3554: $? = 0
configure:3563: result: yes
configure:3572: checking whether gcc accepts -g
configure:3592: gcc -c -g  conftest.c >&5
configure:3592: $? = 0
configure:3633: result: yes
configure:3650: checking for gcc option to accept ISO C89
configure:3713: gcc  -c -g -O2  conftest.c >&5
configure:3713: $? = 0
configure:3726: result: none needed
configure:3751: checking whether gcc understands -c and -o together
configure:3773: gcc -c conftest.c -o conftest2.o
configure:3776: $? = 0
configure:3773: gcc -c conftest.c -o conftest2.o
configure:3776: $? = 0
configure:3788: result: yes
configure:3816: checking for style of include used by make
configure:3844: result: GNU
configure:3870: checking dependency style of gcc
configure:3981: result: gcc3
configure:4027: checking build system type
configure:4041: result: x86_64-unknown-linux-gnu
configure:4061: checking host system type
configure:4074: result: x86_64-unknown-linux-gnu
configure:4115: checking how to print strings
configure:4142: result: printf
configure:4163: checking for a sed that does not truncate output
configure:4227: result: /usr/bin/sed
configure:4245: checking for grep that handles long lines and -e
configure:4303: result: /usr/bin/grep
configure:4308: checking for egrep
configure:4370: result: /usr/bin/grep -E
configure:4375: checking for fgrep
configure:4437: result: /usr/bin/grep -F
configure:4472: checking for ld used by gcc
configure:4539: result: /usr/bin/ld
configure:4546: checking if the linker (/usr/bin/ld) is GNU ld
configure:4561: result: yes
configure:4573: checking for BSD- or MS-compatible name lister (nm)
configure:4622: result: /usr/bin/nm -B
configure:4752: checking the name lister (/usr/bin/nm -B) interface
configure:4759: gcc -c -g -O2  conftest.c >&5
configure:4762: /usr/bin/nm -B "conftest.o"
configure:4765: output
0000000000000000 B some_variable
configure:4772: result: BSD nm
configure:4775: checking whether ln -s works
configure:4779: result: yes
configure:4787: checking the maximum length of command line arguments
configure:4917: result: 1572864
configure:4934: checking whether the shell understands some XSI constructs
configure:4944: result: yes
configure:4948: checking whether the shell understands "+="
configure:4954: result: yes
configure:4989: checking how to convert x86_64-unknown-linux-gnu file names to x86_64-unknown-linux-gnu format
configure:5029: result: func_convert_file_noop
configure:5036: checking how to convert x86_64-unknown-linux-gnu file names to toolchain format
configure:5056: result: func_convert_file_noop
configure:5063: checking for /usr/bin/ld option to reload object files
configure:5070: result: -r
configure:5144: checking for objdump
configure:5160: found /usr/bin/objdump
configure:5171: result: objdump
configure:5203: checking how to recognize dependent libraries
configure:5405: result: pass_all
configure:5490: checking for dlltool
configure:5520: result: no
configure:5550: checking how to associate runtime and link libraries
configure:5577: result: printf %s\n
configure:5638: checking for ar
configure:5654: found /usr/bin/ar
configure:5665: result: ar
configure:5702: checking for archiver @FILE support
configure:5719: gcc -c -g -O2  conftest.c >&5
configure:5719: $? = 0
configure:5722: ar cru libconftest.a @conftest.lst >&5
configure:5725: $? = 0
configure:5730: ar cru libconftest.a @conftest.lst >&5
ar: conftest.o: No such file or directory
configure:5733: $? = 1
configure:5745: result: @
configure:5803: checking for strip
configure:5819: found /usr/bin/strip
configure:5830: result: strip
configure:5902: checking for ranlib
configure:5918: found /usr/bin/ranlib
configure:5929: result: ranlib
configure:6031: checking command to parse /usr/bin/nm -B output from gcc object
configure:6151: gcc -c -g -O2  conftest.c >&5
configure:6154: $? = 0
configure:6158: /usr/bin/nm -B conftest.o \| sed -n -e 's/^.*[ ]\([ABCDGIRSTW][ABCDGIRSTW]*\)[ ][ ]*\([_A-Za-z][_A-Za-z0-9]*\)$/\1 \2 \2/p' | sed '/ __gnu_lto/d' \> conftest.nm
configure:6161: $? = 0
configure:6227: gcc -o conftest -g -O2   conftest.c conftstm.o >&5
configure:6230: $? = 0
configure:6268: result: ok
configure:6305: checking for sysroot
configure:6335: result: no
configure:6412: gcc -c -g -O2  conftest.c >&5
configure:6415: $? = 0
configure:6591: checking for mt
configure:6621: result: no
configure:6641: checking if : is a manifest tool
configure:6647: : '-?'
configure:6655: result: no
configure:7297: checking how to run the C preprocessor
configure:7328: gcc -E  conftest.c
configure:7328: $? = 0
configure:7342: gcc -E  conftest.c
conftest.c:11:28: fatal error: ac_nonexistent.h: No such file or directory
 #include <ac_nonexistent.h>
                            ^
compilation terminated.
configure:7342: $? = 1
configure: failed program was:
| /* confdefs.h */
| #define PACKAGE_NAME "syncd"
| #define PACKAGE_TARNAME "syncd"
| #define PACKAGE_VERSION "0.2"
| #define PACKAGE_STRING "syncd 0.2"
| #define PACKAGE_BUGREPORT "bec8@students.calvin.edu"
| #define PACKAGE_URL ""
| #define PACKAGE "syncd"
| #define VERSION "0.2"
| /* end confdefs.h.  */
| #include <ac_nonexistent.h>
configure:7367: result: gcc -E
configure:7387: gcc -E  conftest.c
configure:7387: $? = 0
configure:7401: gcc -E  conftest.c
conftest.c:11:28: fatal error: ac_nonexistent.h: No such file or directory
 #include <ac_nonexistent.h>
                            ^
compilation terminated.
configure:7401: $? = 1
configure: failed program was:
| /* confdefs.h */
| #define PACKAGE_NAME "syncd"
| #define PACKAGE_TARNAME "syncd"
| #define PACKAGE_VERSION "0.2"
| #define PACKAGE_STRING "syncd 0.2"
| #define PACKAGE_BUGREPORT "bec8@students.calvin.edu"
| #define PACKAGE_URL ""
| #define PACKAGE "syncd"
| #define VERSION "0.2"
| /* end confdefs.h.  */
| #include <ac_nonexistent.h>
configure:7430: checking for ANSI C header files
configure:7450: gcc -c -g -O2  conftest.c >&5
configure:7450: $? = 0
configure:7523: gcc -o conftest -g -O2   conftest.c  >&5
configure:7523: $? = 0
configure:7523: ./conftest
configure:7523: $? = 0
configure:7534: result: yes
configure:7547: checking for sys/types.h
configure:7547: gcc -c -g -O2  conftest.c >&5
configure:7547: $? = 0
configure:7547: result: yes
configure:7547: checking for sys/stat.h
configure:7547: gcc -c -g -O2  conftest.c >&5
configure:7547: $? = 0
configure:7547: result: yes
configure:7547: checking for stdlib.h
configure:7547: gcc -c -g -O2  conftest.c >&5
configure:7547: $? = 0
configure:7547: result: yes
configure:7547: checking for string.h
configure:7547: gcc -c -g -O2  conftest.c >&5
configure:7547: $? = 0
configure:7547: result: yes
configure:7547: checking for memory.h
configure:7547: gcc -c -g -O2  conftest.c >&5
configure:7547: $? = 0
configure:7547: result: yes
configure:7547: checking for strings.h
configure:7547: gcc -c -g -O2  conftest.c >&5
configure:7547: $? = 0
configure:7547: result: yes
configure:7547: checking for inttypes.h
configure:7547: gcc -c -g -O2  conftest.c >&5
configure:7547: $? = 0
configure:7547: result: yes
configure:7547: checking for stdint.h
configure:7547: gcc -c -g -O2  conftest.c >&5
configure:7547: $? = 0
configure:7547: result: yes
configure:7547: checking for unistd.h
configure:7547: gcc -c -g -O2  conftest.c >&5
configure:7547: $? = 0
configure:7547: result: yes
configure:7561: checking for dlfcn.h
configure:7561: gcc -c -g -O2  conftest.c >&5
configure:7561: $? = 0
configure:7561: result: yes
configure:7766: checking for objdir
configure:7781: result: .libs
configure:8052: checking if gcc supports -fno-rtti -fno-exceptions
configure:8070: gcc -c -g -O2  -fno-rtti -fno-exceptions conftest.c >&5
cc1: warning: command line option '-fno-rtti' is valid for C++/ObjC++ but not for C
configure:8074: $? = 0
configure:8087: result: no
configure:8414: checking for gcc option to produce PIC
configure:8421: result: -fPIC -DPIC
configure:8429: checking if gcc PIC flag -fPIC -DPIC works
configure:8447: gcc -c -g -O2  -fPIC -DPIC -DPIC conftest.c >&5
configure:8451: $? = 0
configure:8464: result: yes
configure:8493: checking if gcc static flag -static works
configure:8521: result: yes
configure:8536: checking if gcc supports -c -o file.o
configure:8557: gcc -c -g -O2  -o out/conftest2.o conftest.c >&5
configure:8561: $? = 0
configure:8583: result: yes
configure:8591: checking if gcc supports -c -o file.o
configure:8638: result: yes
configure:8671: checking whether the gcc linker (/usr/bin/ld -m elf_x86_64) supports shared libraries
configure:9824: result: yes
configure:9861: checking whether -lc should be explicitly linked in
configure:9869: gcc -c -g -O2  conftest.c >&5
configure:9872: $? = 0
configure:9887: gcc -shared  -fPIC -DPIC conftest.o  -v -Wl,-soname -Wl,conftest -o conftest 2\>\&1 \| /usr/bin/grep  -lc  \>/dev/null 2\>\&1
configure:9890: $? = 0
configure:9904: result: no
configure:10064: checking dynamic linker characteristics
configure:10575: gcc -o conftest -g -O2   -Wl,-rpath -Wl,/foo conftest.c  >&5
configure:10575: $? = 0
configure:10797: result: GNU/Linux ld.so
configure:10904: checking how to hardcode library paths into programs
configure:10929: result: immediate
configure:11023: checking for shl_load
configure:11023: gcc -o conftest -g -O2   conftest.c  >&5
/tmp/ccdiVFFW.o: In function `main':
/home/paul/src/syncd/conftest.c:57: undefined reference to `shl_load'
collect2: error: ld returned 1 exit status
configure:11023: $? = 1
configure: failed program was:
| /* confdefs.h */
| #define PACKAGE_NAME "syncd"
| #define PACKAGE_TARNAME "syncd"
| #define PACKAGE_VERSION "0.2"
| #define PACKAGE_STRING "syncd 0.2"
| #define PACKAGE_BUGREPORT "bec8@students.calvin.edu"
| #define PACKAGE_URL ""
| #define PACKAGE "syncd"
| #define VERSION "0.2"
| #define STDC_HEADERS 1
| #define HAVE_SYS_TYPES_H 1
| #define HAVE_SYS_STAT_H 1
| #define HAVE_STDLIB_H 1
| #define HAVE_STRING_H 1
| #define HAVE_MEMORY_H 1
| #define HAVE_STRINGS_H 1
| #define HAVE_INTTYPES_H 1
| #define HAVE_STDINT_H 1
| #define HAVE_UNISTD_H 1
| #define HAVE_DLFCN_H 1
| #define LT_OBJDIR ".libs/"
| /* end confdefs.h.  */
| /* Define shl_load to an innocuous variant, in case <limits.h> declares shl_load.
|    For example, HP-UX 11i <limits.h> declares gettimeofday.  */
| #define shl_load innocuous_shl_load
| 
| /* System header to define __stub macros and hopefully few prototypes,
|     which can conflict with char shl_load (); below.
|     Prefer <limits.h> to <assert.h> if __STDC__ is defined, since
|     <limits.h> exists even on freestanding compilers.  */
| 
| #ifdef __STDC__
| # include <limits.h>
| #else
| # include <assert.h>
| #endif
| 
| #undef shl_load
| 
| /* Override any GCC internal prototype to avoid an error.
|    Use char because int might match the return type of a GCC
|    builtin and then its argument prototype would still apply.  */
| #ifdef __cplusplus
| extern "C"
| #endif
| char shl_load ();
| /* The GNU C library defines this for functions which it implements
|     to always fail with ENOSYS.  Some functions are actually named
|     something starting with __ and the normal name is an alias.  */
| #if defined __stub_shl_load || defined __stub___shl_load
| choke me
| #endif
| 
| int
| main ()
| {
| return shl_load ();
|   ;
|   return 0;
| }
configure:11023: result: no
configure:11027: checking for shl_load in -ldld
configure:11052: gcc -o conftest -g -O2   conftest.c -ldld   >&5
/usr/bin/ld: cannot find -ldld
collect2: error: ld returned 1 exit status
configure:11052: $? = 1
configure: failed program was:
| /* confdefs.h */
| #define PACKAGE_NAME "syncd"
| #define PACKAGE_TARNAME "syncd"
| #define PACKAGE_VERSION "0.2"
| #define PACKAGE_STRING "syncd 0.2"
| #define PACKAGE_BUGREPORT "bec8@students.calvin.edu"
| #define PACKAGE_URL ""
| #define PACKAGE "syncd"
| #define VERSION "0.2"
| #define STDC_HEADERS 1
| #define HAVE_SYS_TYPES_H 1
| #define HAVE_SYS_STAT_H 1
| #define HAVE_STDLIB_H 1
| #define HAVE_STRING_H 1
| #define HAVE_MEMORY_H 1
| #define HAVE_STRINGS_H 1
| #define HAVE_INTTYPES_H 1
| #define HAVE_STDINT_H 1
| #define HAVE_UNISTD_H 1
| #define HAVE_DLFCN_H 1
| #define LT_OBJDIR ".libs/"
| /* end confdefs.h.  */
| 
| /* Override any GCC internal prototype to avoid an error.
|    Use char because int might match the return type of a GCC
|    builtin and then its argument prototype would still apply.  */
| #ifdef __cplusplus
| extern "C"
| #endif
| char shl_load ();
| int
| main ()
| {
| return shl_load ();
|   ;
|   return 0;
| }
configure:11061: result: no
configure:11066: checking for dlopen
configure:11066: gcc -o conftest -g -O2   conftest.c  >&5
/tmp/cc5NFd5Q.o: In function `main':
/home/paul/src/syncd/conftest.c:57: undefined reference to `dlopen'
collect2: error: ld returned 1 exit status
configure:11066: $? = 1
configure: failed program was:
| /* confdefs.h */
| #define PACKAGE_NAME "syncd"
| #define PACKAGE_TARNAME "syncd"
| #define PACKAGE_VERSION "0.2"
| #define PACKAGE_STRING "syncd 0.2"
| #define PACKAGE_BUGREPORT "bec8@students.calvin.edu"
| #define PACKAGE_URL ""
| #define PACKAGE "syncd"
| #define VERSION "0.2"
| #define STDC_HEADERS 1
| #define HAVE_SYS_TYPES_H 1
| #define HAVE_SYS_STAT_H 1
| #define HAVE_STDLIB_H 1
| #define HAVE_STRING_H 1
| #define HAVE_MEMORY_H 1
| #define HAVE_STRINGS_H 1
| #define HAVE_INTTYPES_H 1
| #define HAVE_STDINT_H 1
| #define HAVE_UNISTD_H 1
| #define HAVE_DLFCN_H 1
| #define LT_OBJDIR ".libs/"
| /* end confdefs.h.  */
| /* Define dlopen to an innocuous variant, in case <limits.h> declares dlopen.
|    For example, HP-UX 11i <limits.h> declares gettimeofday.  */
| #define dlopen innocuous_dlopen
| 
| /* System header to define __stub macros and hopefully few prototypes,
|     which can conflict with char dlopen (); below.
|     Prefer <limits.h> to <assert.h> if __STDC__ is defined, since
|     <limits.h> exists even on freestanding compilers.  */
| 
| #ifdef __STDC__
| # include <limits.h>
| #else
| # include <assert.h>
| #endif
| 
| #undef dlopen
| 
| /* Override any GCC internal prototype to avoid an error.
|    Use char because int might match the return type of a GCC
|    builtin and then its argument prototype would still apply.  */
| #ifdef __cplusplus
| extern "C"
| #endif
| char dlopen ();
| /* The GNU C library defines this for functions which it implements
|     to always fail with ENOSYS.  Some functions are actually named
|     something starting with __ and the normal name is an alias.  */
| #if defined __stub_dlopen || defined __stub___dlopen
| choke me
| #endif
| 
| int
| main ()
| {
| return dlopen ();
|   ;
|   return 0;
| }
configure:11066: result: no
configure:11070: checking for dlopen in -ldl
configure:11095: gcc -o conftest -g -O2   conftest.c -ldl   >&5
configure:11095: $? = 0
configure:11104: result: yes
configure:11223: checking whether a program can dlopen itself
configure:11303: gcc -o conftest -g -O2  -DHAVE_DLFCN_H  -Wl,--export-dynamic conftest.c -ldl  >&5
configure:11306: $? = 0
configure:11324: result: yes
configure:11329: checking whether a statically linked program can dlopen itself
configure:11409: gcc -o conftest -g -O2  -DHAVE_DLFCN_H  -Wl,--export-dynamic -static conftest.c -ldl  >&5
/tmp/cc2cGSXW.o: In function `main':
/home/paul/src/syncd/configure:11388: warning: Using 'dlopen' in statically linked applications requires at runtime the shared libraries from the glibc version used for linking
/usr/bin/ld: dynamic STT_GNU_IFUNC symbol `strcmp' with pointer equality in `/usr/lib/gcc/x86_64-unknown-linux-gnu/4.9.1/../../../../lib/libc.a(strcmp.o)' can not be used when making an executable; recompile with -fPIE and relink with -pie
collect2: error: ld returned 1 exit status
configure:11412: $? = 1
configure:11430: result: no
configure:11469: checking whether stripping libraries is possible
configure:11474: result: yes
configure:11509: checking if libtool supports shared libraries
configure:11511: result: yes
configure:11514: checking whether to build shared libraries
configure:11535: result: yes
configure:11538: checking whether to build static libraries
configure:11542: result: yes
configure:11583: checking for curl_global_init in -lcurl
configure:11608: gcc -o conftest -g -O2   conftest.c -lcurl   >&5
configure:11608: $? = 0
configure:11617: result: yes
configure:11629: checking for lt_dlsym in -lltdl
configure:11654: gcc -o conftest -g -O2   conftest.c -lltdl  -lcurl  >&5
configure:11654: $? = 0
configure:11663: result: yes
configure:11675: checking for pthread_create in -lpthread
configure:11700: gcc -o conftest -g -O2   conftest.c -lpthread  -lltdl -lcurl  >&5
configure:11700: $? = 0
configure:11709: result: yes
configure:11721: checking for rest_build_param in -lrest
configure:11746: gcc -o conftest -g -O2   conftest.c -lrest  -lpthread -lltdl -lcurl  >&5
/usr/bin/ld: cannot find -lrest
collect2: error: ld returned 1 exit status
configure:11746: $? = 1
configure: failed program was:
| /* confdefs.h */
| #define PACKAGE_NAME "syncd"
| #define PACKAGE_TARNAME "syncd"
| #define PACKAGE_VERSION "0.2"
| #define PACKAGE_STRING "syncd 0.2"
| #define PACKAGE_BUGREPORT "bec8@students.calvin.edu"
| #define PACKAGE_URL ""
| #define PACKAGE "syncd"
| #define VERSION "0.2"
| #define STDC_HEADERS 1
| #define HAVE_SYS_TYPES_H 1
| #define HAVE_SYS_STAT_H 1
| #define HAVE_STDLIB_H 1
| #define HAVE_STRING_H 1
| #define HAVE_MEMORY_H 1
| #define HAVE_STRINGS_H 1
| #define HAVE_INTTYPES_H 1
| #define HAVE_STDINT_H 1
| #define HAVE_UNISTD_H 1
| #define HAVE_DLFCN_H 1
| #define LT_OBJDIR ".libs/"
| #define HAVE_LIBCURL 1
| #define HAVE_LIBLTDL 1
| #define HAVE_LIBPTHREAD 1
| /* end confdefs.h.  */
| 
| /* Override any GCC internal prototype to avoid an error.
|    Use char because int might match the return type of a GCC
|    builtin and then its argument prototype would still apply.  */
| #ifdef __cplusplus
| extern "C"
| #endif
| char rest_build_param ();
| int
| main ()
| {
| return rest_build_param ();
|   ;
|   return 0;
| }
configure:11755: result: no
configure:11767: checking for json_object_new_object in -ljson-c
configure:11792: gcc -o conftest -g -O2   conftest.c -ljson-c  -lpthread -lltdl -lcurl  >&5
configure:11792: $? = 0
configure:11801: result: yes
configure:11822: checking which extension is used for runtime loadable modules
configure:11834: result: .so
configure:11851: checking which variable specifies run-time module search path
configure:11858: result: LD_LIBRARY_PATH
configure:11868: checking for the default library search path
configure:11875: result: /lib /usr/lib /usr/lib/libfakeroot /usr/lib32 /home/paul/syncd/lib 
configure:11905: checking for library containing dlopen
configure:11936: gcc -o conftest -g -O2   conftest.c -ljson-c -lpthread -lltdl -lcurl  >&5
/usr/bin/ld: /tmp/cccwNUMi.o: undefined reference to symbol 'dlopen@@GLIBC_2.2.5'
/usr/lib/libdl.so.2: error adding symbols: DSO missing from command line
collect2: error: ld returned 1 exit status
configure:11936: $? = 1
configure: failed program was:
| /* confdefs.h */
| #define PACKAGE_NAME "syncd"
| #define PACKAGE_TARNAME "syncd"
| #define PACKAGE_VERSION "0.2"
| #define PACKAGE_STRING "syncd 0.2"
| #define PACKAGE_BUGREPORT "bec8@students.calvin.edu"
| #define PACKAGE_URL ""
| #define PACKAGE "syncd"
| #define VERSION "0.2"
| #define STDC_HEADERS 1
| #define HAVE_SYS_TYPES_H 1
| #define HAVE_SYS_STAT_H 1
| #define HAVE_STDLIB_H 1
| #define HAVE_STRING_H 1
| #define HAVE_MEMORY_H 1
| #define HAVE_STRINGS_H 1
| #define HAVE_INTTYPES_H 1
| #define HAVE_STDINT_H 1
| #define HAVE_UNISTD_H 1
| #define HAVE_DLFCN_H 1
| #define LT_OBJDIR ".libs/"
| #define HAVE_LIBCURL 1
| #define HAVE_LIBLTDL 1
| #define HAVE_LIBPTHREAD 1
| #define HAVE_LIBJSON_C 1
| #define LT_MODULE_EXT ".so"
| #define LT_MODULE_PATH_VAR "LD_LIBRARY_PATH"
| #define LT_DLSEARCH_PATH "/lib:/usr/lib:/usr/lib/libfakeroot:/usr/lib32:/home/paul/syncd/lib"
| /* end confdefs.h.  */
| 
| /* Override any GCC internal prototype to avoid an error.
|    Use char because int might match the return type of a GCC
|    builtin and then its argument prototype would still apply.  */
| #ifdef __cplusplus
| extern "C"
| #endif
| char dlopen ();
| int
| main ()
| {
| return dlopen ();
|   ;
|   return 0;
| }
configure:11936: gcc -o conftest -g -O2   conftest.c -ldl  -ljson-c -lpthread -lltdl -lcurl  >&5
configure:11936: $? = 0
configure:11953: result: -ldl
configure:12043: checking for dlerror
configure:12043: gcc -o conftest -g -O2   conftest.c -ldl -ljson-c -lpthread -lltdl -lcurl  -ldl >&5
configure:12043: $? = 0
configure:12043: result: yes
configure:12057: checking for shl_load
configure:12057: result: no
configure:12064: checking for shl_load in -ldld
configure:12098: result: no
configure:12144: checking for dld_link in -ldld
configure:12169: gcc -o conftest -g -O2   conftest.c -ldld  -ldl -ljson-c -lpthread -lltdl -lcurl  >&5
/usr/bin/ld: cannot find -ldld
collect2: error: ld returned 1 exit status
configure:12169: $? = 1
configure: failed program was:
| /* confdefs.h */
| #define PACKAGE_NAME "syncd"
| #define PACKAGE_TARNAME "syncd"
| #define PACKAGE_VERSION "0.2"
| #define PACKAGE_STRING "syncd 0.2"
| #define PACKAGE_BUGREPORT "bec8@students.calvin.edu"
| #define PACKAGE_URL ""
| #define PACKAGE "syncd"
| #define VERSION "0.2"
| #define STDC_HEADERS 1
| #define HAVE_SYS_TYPES_H 1
| #define HAVE_SYS_STAT_H 1
| #define HAVE_STDLIB_H 1
| #define HAVE_STRING_H 1
| #define HAVE_MEMORY_H 1
| #define HAVE_STRINGS_H 1
| #define HAVE_INTTYPES_H 1
| #define HAVE_STDINT_H 1
| #define HAVE_UNISTD_H 1
| #define HAVE_DLFCN_H 1
| #define LT_OBJDIR ".libs/"
| #define HAVE_LIBCURL 1
| #define HAVE_LIBLTDL 1
| #define HAVE_LIBPTHREAD 1
| #define HAVE_LIBJSON_C 1
| #define LT_MODULE_EXT ".so"
| #define LT_MODULE_PATH_VAR "LD_LIBRARY_PATH"
| #define LT_DLSEARCH_PATH "/lib:/usr/lib:/usr/lib/libfakeroot:/usr/lib32:/home/paul/syncd/lib"
| #define HAVE_LIBDL 1
| #define HAVE_DLERROR 1
| /* end confdefs.h.  */
| 
| /* Override any GCC internal prototype to avoid an error.
|    Use char because int might match the return type of a GCC
|    builtin and then its argument prototype would still apply.  */
| #ifdef __cplusplus
| extern "C"
| #endif
| char dld_link ();
| int
| main ()
| {
| return dld_link ();
|   ;
|   return 0;
| }
configure:12178: result: no
configure:12212: checking for _ prefix in compiled symbols
configure:12222: gcc -c -g -O2  conftest.c >&5
configure:12225: $? = 0
configure:12229: /usr/bin/nm -B conftest.o \| sed -n -e 's/^.*[	 ]\([ABCDGIRSTW][ABCDGIRSTW]*\)[	 ][	 ]*\([_A-Za-z][_A-Za-z0-9]*\)$/\1 \2 \2/p' | sed '/ __gnu_lto/d' \> conftest.nm
configure:12232: $? = 0
configure:12254: result: no
configure:12378: checking whether deplibs are loaded by dlopen
configure:12472: result: yes
configure:12484: checking for argz.h
configure:12484: gcc -c -g -O2  conftest.c >&5
configure:12484: $? = 0
configure:12484: result: yes
configure:12496: checking for error_t
configure:12496: gcc -c -g -O2  conftest.c >&5
configure:12496: $? = 0
configure:12496: gcc -c -g -O2  conftest.c >&5
conftest.c: In function 'main':
conftest.c:41:22: error: expected expression before ')' token
 if (sizeof ((error_t)))
                      ^
configure:12496: $? = 1
configure: failed program was:
| /* confdefs.h */
| #define PACKAGE_NAME "syncd"
| #define PACKAGE_TARNAME "syncd"
| #define PACKAGE_VERSION "0.2"
| #define PACKAGE_STRING "syncd 0.2"
| #define PACKAGE_BUGREPORT "bec8@students.calvin.edu"
| #define PACKAGE_URL ""
| #define PACKAGE "syncd"
| #define VERSION "0.2"
| #define STDC_HEADERS 1
| #define HAVE_SYS_TYPES_H 1
| #define HAVE_SYS_STAT_H 1
| #define HAVE_STDLIB_H 1
| #define HAVE_STRING_H 1
| #define HAVE_MEMORY_H 1
| #define HAVE_STRINGS_H 1
| #define HAVE_INTTYPES_H 1
| #define HAVE_STDINT_H 1
| #define HAVE_UNISTD_H 1
| #define HAVE_DLFCN_H 1
| #define LT_OBJDIR ".libs/"
| #define HAVE_LIBCURL 1
| #define HAVE_LIBLTDL 1
| #define HAVE_LIBPTHREAD 1
| #define HAVE_LIBJSON_C 1
| #define LT_MODULE_EXT ".so"
| #define LT_MODULE_PATH_VAR "LD_LIBRARY_PATH"
| #define LT_DLSEARCH_PATH "/lib:/usr/lib:/usr/lib/libfakeroot:/usr/lib32:/home/paul/syncd/lib"
| #define HAVE_LIBDL 1
| #define HAVE_DLERROR 1
| #define HAVE_LIBDLLOADER 1
| #define HAVE_ARGZ_H 1
| /* end confdefs.h.  */
| #if defined(HAVE_ARGZ_H)
| #  include <argz.h>
| #endif
| 
| int
| main ()
| {
| if (sizeof ((error_t)))
| 	    return 0;
|   ;
|   return 0;
| }
configure:12496: result: yes
configure:12522: checking for argz_add
configure:12522: gcc -o conftest -g -O2   conftest.c -ldl -ljson-c -lpthread -lltdl -lcurl  >&5
configure:12522: $? = 0
configure:12522: result: yes
configure:12522: checking for argz_append
configure:12522: gcc -o conftest -g -O2   conftest.c -ldl -ljson-c -lpthread -lltdl -lcurl  >&5
configure:12522: $? = 0
configure:12522: result: yes
configure:12522: checking for argz_count
configure:12522: gcc -o conftest -g -O2   conftest.c -ldl -ljson-c -lpthread -lltdl -lcurl  >&5
configure:12522: $? = 0
configure:12522: result: yes
configure:12522: checking for argz_create_sep
configure:12522: gcc -o conftest -g -O2   conftest.c -ldl -ljson-c -lpthread -lltdl -lcurl  >&5
configure:12522: $? = 0
configure:12522: result: yes
configure:12522: checking for argz_insert
configure:12522: gcc -o conftest -g -O2   conftest.c -ldl -ljson-c -lpthread -lltdl -lcurl  >&5
configure:12522: $? = 0
configure:12522: result: yes
configure:12522: checking for argz_next
configure:12522: gcc -o conftest -g -O2   conftest.c -ldl -ljson-c -lpthread -lltdl -lcurl  >&5
configure:12522: $? = 0
configure:12522: result: yes
configure:12522: checking for argz_stringify
configure:12522: gcc -o conftest -g -O2   conftest.c -ldl -ljson-c -lpthread -lltdl -lcurl  >&5
configure:12522: $? = 0
configure:12522: result: yes
configure:12538: checking if argz actually works
configure:12569: result: yes
configure:12586: checking whether libtool supports -dlopen/-dlpreopen
configure:12598: result: yes
configure:12627: checking for ltdl.h
configure:12627: gcc -c -g -O2  conftest.c >&5
configure:12627: $? = 0
configure:12627: result: yes
configure:12631: checking whether lt_dlinterface_register is declared
configure:12631: gcc -c -g -O2  conftest.c >&5
configure:12631: $? = 0
configure:12631: result: yes
configure:12635: checking for lt_dladvise_preload in -lltdl
configure:12660: gcc -o conftest -g -O2   conftest.c -lltdl  -ldl -ljson-c -lpthread -lltdl -lcurl  >&5
configure:12660: $? = 0
configure:12669: result: yes
configure:12764: checking where to find libltdl headers
configure:12766: result: 
configure:12768: checking where to find libltdl library
configure:12770: result: -lltdl
configure:12818: checking for unistd.h
configure:12818: result: yes
configure:12818: checking for dl.h
configure:12818: gcc -c -g -O2  conftest.c >&5
conftest.c:80:16: fatal error: dl.h: No such file or directory
 #include <dl.h>
                ^
compilation terminated.
configure:12818: $? = 1
configure: failed program was:
| /* confdefs.h */
| #define PACKAGE_NAME "syncd"
| #define PACKAGE_TARNAME "syncd"
| #define PACKAGE_VERSION "0.2"
| #define PACKAGE_STRING "syncd 0.2"
| #define PACKAGE_BUGREPORT "bec8@students.calvin.edu"
| #define PACKAGE_URL ""
| #define PACKAGE "syncd"
| #define VERSION "0.2"
| #define STDC_HEADERS 1
| #define HAVE_SYS_TYPES_H 1
| #define HAVE_SYS_STAT_H 1
| #define HAVE_STDLIB_H 1
| #define HAVE_STRING_H 1
| #define HAVE_MEMORY_H 1
| #define HAVE_STRINGS_H 1
| #define HAVE_INTTYPES_H 1
| #define HAVE_STDINT_H 1
| #define HAVE_UNISTD_H 1
| #define HAVE_DLFCN_H 1
| #define LT_OBJDIR ".libs/"
| #define HAVE_LIBCURL 1
| #define HAVE_LIBLTDL 1
| #define HAVE_LIBPTHREAD 1
| #define HAVE_LIBJSON_C 1
| #define LT_MODULE_EXT ".so"
| #define LT_MODULE_PATH_VAR "LD_LIBRARY_PATH"
| #define LT_DLSEARCH_PATH "/lib:/usr/lib:/usr/lib/libfakeroot:/usr/lib32:/home/paul/syncd/lib"
| #define HAVE_LIBDL 1
| #define HAVE_DLERROR 1
| #define HAVE_LIBDLLOADER 1
| #define HAVE_ARGZ_H 1
| #define HAVE_ERROR_T 1
| #define HAVE_ARGZ_ADD 1
| #define HAVE_ARGZ_APPEND 1
| #define HAVE_ARGZ_COUNT 1
| #define HAVE_ARGZ_CREATE_SEP 1
| #define HAVE_ARGZ_INSERT 1
| #define HAVE_ARGZ_NEXT 1
| #define HAVE_ARGZ_STRINGIFY 1
| #define HAVE_WORKING_ARGZ 1
| #define HAVE_PRELOADED_SYMBOLS 1
| #define HAVE_LTDL 1
| #define HAVE_UNISTD_H 1
| /* end confdefs.h.  */
| #include <stdio.h>
| #ifdef HAVE_SYS_TYPES_H
| # include <sys/types.h>
| #endif
| #ifdef HAVE_SYS_STAT_H
| # include <sys/stat.h>
| #endif
| #ifdef STDC_HEADERS
| # include <stdlib.h>
| # include <stddef.h>
| #else
| # ifdef HAVE_STDLIB_H
| #  include <stdlib.h>
| # endif
| #endif
| #ifdef HAVE_STRING_H
| # if !defined STDC_HEADERS && defined HAVE_MEMORY_H
| #  include <memory.h>
| # endif
| # include <string.h>
| #endif
| #ifdef HAVE_STRINGS_H
| # include <strings.h>
| #endif
| #ifdef HAVE_INTTYPES_H
| # include <inttypes.h>
| #endif
| #ifdef HAVE_STDINT_H
| # include <stdint.h>
| #endif
| #ifdef HAVE_UNISTD_H
| # include <unistd.h>
| #endif
| 
| #include <dl.h>
configure:12818: result: no
configure:12818: checking for sys/dl.h
configure:12818: gcc -c -g -O2  conftest.c >&5
conftest.c:80:20: fatal error: sys/dl.h: No such file or directory
 #include <sys/dl.h>
                    ^
compilation terminated.
configure:12818: $? = 1
configure: failed program was:
| /* confdefs.h */
| #define PACKAGE_NAME "syncd"
| #define PACKAGE_TARNAME "syncd"
| #define PACKAGE_VERSION "0.2"
| #define PACKAGE_STRING "syncd 0.2"
| #define PACKAGE_BUGREPORT "bec8@students.calvin.edu"
| #define PACKAGE_URL ""
| #define PACKAGE "syncd"
| #define VERSION "0.2"
| #define STDC_HEADERS 1
| #define HAVE_SYS_TYPES_H 1
| #define HAVE_SYS_STAT_H 1
| #define HAVE_STDLIB_H 1
| #define HAVE_STRING_H 1
| #define HAVE_MEMORY_H 1
| #define HAVE_STRINGS_H 1
| #define HAVE_INTTYPES_H 1
| #define HAVE_STDINT_H 1
| #define HAVE_UNISTD_H 1
| #define HAVE_DLFCN_H 1
| #define LT_OBJDIR ".libs/"
| #define HAVE_LIBCURL 1
| #define HAVE_LIBLTDL 1
| #define HAVE_LIBPTHREAD 1
| #define HAVE_LIBJSON_C 1
| #define LT_MODULE_EXT ".so"
| #define LT_MODULE_PATH_VAR "LD_LIBRARY_PATH"
| #define LT_DLSEARCH_PATH "/lib:/usr/lib:/usr/lib/libfakeroot:/usr/lib32:/home/paul/syncd/lib"
| #define HAVE_LIBDL 1
| #define HAVE_DLERROR 1
| #define HAVE_LIBDLLOADER 1
| #define HAVE_ARGZ_H 1
| #define HAVE_ERROR_T 1
| #define HAVE_ARGZ_ADD 1
| #define HAVE_ARGZ_APPEND 1
| #define HAVE_ARGZ_COUNT 1
| #define HAVE_ARGZ_CREATE_SEP 1
| #define HAVE_ARGZ_INSERT 1
| #define HAVE_ARGZ_NEXT 1
| #define HAVE_ARGZ_STRINGIFY 1
| #define HAVE_WORKING_ARGZ 1
| #define HAVE_PRELOADED_SYMBOLS 1
| #define HAVE_LTDL 1
| #define HAVE_UNISTD_H 1
| /* end confdefs.h.  */
| #include <stdio.h>
| #ifdef HAVE_SYS_TYPES_H
| # include <sys/types.h>
| #endif
| #ifdef HAVE_SYS_STAT_H
| # include <sys/stat.h>
| #endif
| #ifdef STDC_HEADERS
| # include <stdlib.h>
| # include <stddef.h>
| #else
| # ifdef HAVE_STDLIB_H
| #  include <stdlib.h>
| # endif
| #endif
| #ifdef HAVE_STRING_H
| # if !defined STDC_HEADERS && defined HAVE_MEMORY_H
| #  include <memory.h>
| # endif
| # include <string.h>
| #endif
| #ifdef HAVE_STRINGS_H
| # include <strings.h>
| #endif
| #ifdef HAVE_INTTYPES_H
| # include <inttypes.h>
| #endif
| #ifdef HAVE_STDINT_H
| # include <stdint.h>
| #endif
| #ifdef HAVE_UNISTD_H
| # include <unistd.h>
| #endif
| 
| #include <sys/dl.h>
configure:12818: result: no
configure:12818: checking for dld.h
configure:12818: gcc -c -g -O2  conftest.c >&5
conftest.c:80:17: fatal error: dld.h: No such file or directory
 #include <dld.h>
                 ^
compilation terminated.
configure:12818: $? = 1
configure: failed program was:
| /* confdefs.h */
| #define PACKAGE_NAME "syncd"
| #define PACKAGE_TARNAME "syncd"
| #define PACKAGE_VERSION "0.2"
| #define PACKAGE_STRING "syncd 0.2"
| #define PACKAGE_BUGREPORT "bec8@students.calvin.edu"
| #define PACKAGE_URL ""
| #define PACKAGE "syncd"
| #define VERSION "0.2"
| #define STDC_HEADERS 1
| #define HAVE_SYS_TYPES_H 1
| #define HAVE_SYS_STAT_H 1
| #define HAVE_STDLIB_H 1
| #define HAVE_STRING_H 1
| #define HAVE_MEMORY_H 1
| #define HAVE_STRINGS_H 1
| #define HAVE_INTTYPES_H 1
| #define HAVE_STDINT_H 1
| #define HAVE_UNISTD_H 1
| #define HAVE_DLFCN_H 1
| #define LT_OBJDIR ".libs/"
| #define HAVE_LIBCURL 1
| #define HAVE_LIBLTDL 1
| #define HAVE_LIBPTHREAD 1
| #define HAVE_LIBJSON_C 1
| #define LT_MODULE_EXT ".so"
| #define LT_MODULE_PATH_VAR "LD_LIBRARY_PATH"
| #define LT_DLSEARCH_PATH "/lib:/usr/lib:/usr/lib/libfakeroot:/usr/lib32:/home/paul/syncd/lib"
| #define HAVE_LIBDL 1
| #define HAVE_DLERROR 1
| #define HAVE_LIBDLLOADER 1
| #define HAVE_ARGZ_H 1
| #define HAVE_ERROR_T 1
| #define HAVE_ARGZ_ADD 1
| #define HAVE_ARGZ_APPEND 1
| #define HAVE_ARGZ_COUNT 1
| #define HAVE_ARGZ_CREATE_SEP 1
| #define HAVE_ARGZ_INSERT 1
| #define HAVE_ARGZ_NEXT 1
| #define HAVE_ARGZ_STRINGIFY 1
| #define HAVE_WORKING_ARGZ 1
| #define HAVE_PRELOADED_SYMBOLS 1
| #define HAVE_LTDL 1
| #define HAVE_UNISTD_H 1
| /* end confdefs.h.  */
| #include <stdio.h>
| #ifdef HAVE_SYS_TYPES_H
| # include <sys/types.h>
| #endif
| #ifdef HAVE_SYS_STAT_H
| # include <sys/stat.h>
| #endif
| #ifdef STDC_HEADERS
| # include <stdlib.h>
| # include <stddef.h>
| #else
| # ifdef HAVE_STDLIB_H
| #  include <stdlib.h>
| # endif
| #endif
| #ifdef HAVE_STRING_H
| # if !defined STDC_HEADERS && defined HAVE_MEMORY_H
| #  include <memory.h>
| # endif
| # include <string.h>
| #endif
| #ifdef HAVE_STRINGS_H
| # include <strings.h>
| #endif
| #ifdef HAVE_INTTYPES_H
| # include <inttypes.h>
| #endif
| #ifdef HAVE_STDINT_H
| # include <stdint.h>
| #endif
| #ifdef HAVE_UNISTD_H
| # include <unistd.h>
| #endif
| 
| #include <dld.h>
configure:12818: result: no
configure:12818: checking for mach-o/dyld.h
configure:12818: gcc -c -g -O2  conftest.c >&5
conftest.c:80:25: fatal error: mach-o/dyld.h: No such file or directory
 #include <mach-o/dyld.h>
                         ^
compilation terminated.
configure:12818: $? = 1
configure: failed program was:
| /* confdefs.h */
| #define PACKAGE_NAME "syncd"
| #define PACKAGE_TARNAME "syncd"
| #define PACKAGE_VERSION "0.2"
| #define PACKAGE_STRING "syncd 0.2"
| #define PACKAGE_BUGREPORT "bec8@students.calvin.edu"
| #define PACKAGE_URL ""
| #define PACKAGE "syncd"
| #define VERSION "0.2"
| #define STDC_HEADERS 1
| #define HAVE_SYS_TYPES_H 1
| #define HAVE_SYS_STAT_H 1
| #define HAVE_STDLIB_H 1
| #define HAVE_STRING_H 1
| #define HAVE_MEMORY_H 1
| #define HAVE_STRINGS_H 1
| #define HAVE_INTTYPES_H 1
| #define HAVE_STDINT_H 1
| #define HAVE_UNISTD_H 1
| #define HAVE_DLFCN_H 1
| #define LT_OBJDIR ".libs/"
| #define HAVE_LIBCURL 1
| #define HAVE_LIBLTDL 1
| #define HAVE_LIBPTHREAD 1
| #define HAVE_LIBJSON_C 1
| #define LT_MODULE_EXT ".so"
| #define LT_MODULE_PATH_VAR "LD_LIBRARY_PATH"
| #define LT_DLSEARCH_PATH "/lib:/usr/lib:/usr/lib/libfakeroot:/usr/lib32:/home/paul/syncd/lib"
| #define HAVE_LIBDL 1
| #define HAVE_DLERROR 1
| #define HAVE_LIBDLLOADER 1
| #define HAVE_ARGZ_H 1
| #define HAVE_ERROR_T 1
| #define HAVE_ARGZ_ADD 1
| #define HAVE_ARGZ_APPEND 1
| #define HAVE_ARGZ_COUNT 1
| #define HAVE_ARGZ_CREATE_SEP 1
| #define HAVE_ARGZ_INSERT 1
| #define HAVE_ARGZ_NEXT 1
| #define HAVE_ARGZ_STRINGIFY 1
| #define HAVE_WORKING_ARGZ 1
| #define HAVE_PRELOADED_SYMBOLS 1
| #define HAVE_LTDL 1
| #define HAVE_UNISTD_H 1
| /* end confdefs.h.  */
| #include <stdio.h>
| #ifdef HAVE_SYS_TYPES_H
| # include <sys/types.h>
| #endif
| #ifdef HAVE_SYS_STAT_H
| # include <sys/stat.h>
| #endif
| #ifdef STDC_HEADERS
| # include <stdlib.h>
| # include <stddef.h>
| #else
| # ifdef HAVE_STDLIB_H
| #  include <stdlib.h>
| # endif
| #endif
| #ifdef HAVE_STRING_H
| # if !defined STDC_HEADERS && defined HAVE_MEMORY_H
| #  include <memory.h>
| # endif
| # include <string.h>
| #endif
| #ifdef HAVE_STRINGS_H
| # include <strings.h>
| #endif
| #ifdef HAVE_INTTYPES_H
| # include <inttypes.h>
| #endif
| #ifdef HAVE_STDINT_H
| # include <stdint.h>
| #endif
| #ifdef HAVE_UNISTD_H
| # include <unistd.h>
| #endif
| 
| #include <mach-o/dyld.h>
configure:12818: result: no
configure:12818: checking for dirent.h
configure:12818: gcc -c -g -O2  conftest.c >&5
configure:12818: $? = 0
configure:12818: result: yes
configure:12833: checking for closedir
configure:12833: gcc -o conftest -g -O2   conftest.c -ldl -ljson-c -lpthread -lltdl -lcurl  >&5
configure:12833: $? = 0
configure:12833: result: yes
configure:12833: checking for opendir
configure:12833: gcc -o conftest -g -O2   conftest.c -ldl -ljson-c -lpthread -lltdl -lcurl  >&5
configure:12833: $? = 0
configure:12833: result: yes
configure:12833: checking for readdir
configure:12833: gcc -o conftest -g -O2   conftest.c -ldl -ljson-c -lpthread -lltdl -lcurl  >&5
configure:12833: $? = 0
configure:12833: result: yes
configure:12850: checking for strlcat
configure:12850: gcc -o conftest -g -O2   conftest.c -ldl -ljson-c -lpthread -lltdl -lcurl  >&5
/tmp/ccXu1KMo.o: In function `main':
/home/paul/src/syncd/conftest.c:84: undefined reference to `strlcat'
collect2: error: ld returned 1 exit status
configure:12850: $? = 1
configure: failed program was:
| /* confdefs.h */
| #define PACKAGE_NAME "syncd"
| #define PACKAGE_TARNAME "syncd"
| #define PACKAGE_VERSION "0.2"
| #define PACKAGE_STRING "syncd 0.2"
| #define PACKAGE_BUGREPORT "bec8@students.calvin.edu"
| #define PACKAGE_URL ""
| #define PACKAGE "syncd"
| #define VERSION "0.2"
| #define STDC_HEADERS 1
| #define HAVE_SYS_TYPES_H 1
| #define HAVE_SYS_STAT_H 1
| #define HAVE_STDLIB_H 1
| #define HAVE_STRING_H 1
| #define HAVE_MEMORY_H 1
| #define HAVE_STRINGS_H 1
| #define HAVE_INTTYPES_H 1
| #define HAVE_STDINT_H 1
| #define HAVE_UNISTD_H 1
| #define HAVE_DLFCN_H 1
| #define LT_OBJDIR ".libs/"
| #define HAVE_LIBCURL 1
| #define HAVE_LIBLTDL 1
| #define HAVE_LIBPTHREAD 1
| #define HAVE_LIBJSON_C 1
| #define LT_MODULE_EXT ".so"
| #define LT_MODULE_PATH_VAR "LD_LIBRARY_PATH"
| #define LT_DLSEARCH_PATH "/lib:/usr/lib:/usr/lib/libfakeroot:/usr/lib32:/home/paul/syncd/lib"
| #define HAVE_LIBDL 1
| #define HAVE_DLERROR 1
| #define HAVE_LIBDLLOADER 1
| #define HAVE_ARGZ_H 1
| #define HAVE_ERROR_T 1
| #define HAVE_ARGZ_ADD 1
| #define HAVE_ARGZ_APPEND 1
| #define HAVE_ARGZ_COUNT 1
| #define HAVE_ARGZ_CREATE_SEP 1
| #define HAVE_ARGZ_INSERT 1
| #define HAVE_ARGZ_NEXT 1
| #define HAVE_ARGZ_STRINGIFY 1
| #define HAVE_WORKING_ARGZ 1
| #define HAVE_PRELOADED_SYMBOLS 1
| #define HAVE_LTDL 1
| #define HAVE_UNISTD_H 1
| #define HAVE_DIRENT_H 1
| #define HAVE_CLOSEDIR 1
| #define HAVE_OPENDIR 1
| #define HAVE_READDIR 1
| /* end confdefs.h.  */
| /* Define strlcat to an innocuous variant, in case <limits.h> declares strlcat.
|    For example, HP-UX 11i <limits.h> declares gettimeofday.  */
| #define strlcat innocuous_strlcat
| 
| /* System header to define __stub macros and hopefully few prototypes,
|     which can conflict with char strlcat (); below.
|     Prefer <limits.h> to <assert.h> if __STDC__ is defined, since
|     <limits.h> exists even on freestanding compilers.  */
| 
| #ifdef __STDC__
| # include <limits.h>
| #else
| # include <assert.h>
| #endif
| 
| #undef strlcat
| 
| /* Override any GCC internal prototype to avoid an error.
|    Use char because int might match the return type of a GCC
|    builtin and then its argument prototype would still apply.  */
| #ifdef __cplusplus
| extern "C"
| #endif
| char strlcat ();
| /* The GNU C library defines this for functions which it implements
|     to always fail with ENOSYS.  Some functions are actually named
|     something starting with __ and the normal name is an alias.  */
| #if defined __stub_strlcat || defined __stub___strlcat
| choke me
| #endif
| 
| int
| main ()
| {
| return strlcat ();
|   ;
|   return 0;
| }
configure:12850: result: no
configure:12850: checking for strlcpy
configure:12850: gcc -o conftest -g -O2   conftest.c -ldl -ljson-c -lpthread -lltdl -lcurl  >&5
/tmp/ccjhpmKr.o: In function `main':
/home/paul/src/syncd/conftest.c:84: undefined reference to `strlcpy'
collect2: error: ld returned 1 exit status
configure:12850: $? = 1
configure: failed program was:
| /* confdefs.h */
| #define PACKAGE_NAME "syncd"
| #define PACKAGE_TARNAME "syncd"
| #define PACKAGE_VERSION "0.2"
| #define PACKAGE_STRING "syncd 0.2"
| #define PACKAGE_BUGREPORT "bec8@students.calvin.edu"
| #define PACKAGE_URL ""
| #define PACKAGE "syncd"
| #define VERSION "0.2"
| #define STDC_HEADERS 1
| #define HAVE_SYS_TYPES_H 1
| #define HAVE_SYS_STAT_H 1
| #define HAVE_STDLIB_H 1
| #define HAVE_STRING_H 1
| #define HAVE_MEMORY_H 1
| #define HAVE_STRINGS_H 1
| #define HAVE_INTTYPES_H 1
| #define HAVE_STDINT_H 1
| #define HAVE_UNISTD_H 1
| #define HAVE_DLFCN_H 1
| #define LT_OBJDIR ".libs/"
| #define HAVE_LIBCURL 1
| #define HAVE_LIBLTDL 1
| #define HAVE_LIBPTHREAD 1
| #define HAVE_LIBJSON_C 1
| #define LT_MODULE_EXT ".so"
| #define LT_MODULE_PATH_VAR "LD_LIBRARY_PATH"
| #define LT_DLSEARCH_PATH "/lib:/usr/lib:/usr/lib/libfakeroot:/usr/lib32:/home/paul/syncd/lib"
| #define HAVE_LIBDL 1
| #define HAVE_DLERROR 1
| #define HAVE_LIBDLLOADER 1
| #define HAVE_ARGZ_H 1
| #define HAVE_ERROR_T 1
| #define HAVE_ARGZ_ADD 1
| #define HAVE_ARGZ_APPEND 1
| #define HAVE_ARGZ_COUNT 1
| #define HAVE_ARGZ_CREATE_SEP 1
| #define HAVE_ARGZ_INSERT 1
| #define HAVE_ARGZ_NEXT 1
| #define HAVE_ARGZ_STRINGIFY 1
| #define HAVE_WORKING_ARGZ 1
| #define HAVE_PRELOADED_SYMBOLS 1
| #define HAVE_LTDL 1
| #define HAVE_UNISTD_H 1
| #define HAVE_DIRENT_H 1
| #define HAVE_CLOSEDIR 1
| #define HAVE_OPENDIR 1
| #define HAVE_READDIR 1
| /* end confdefs.h.  */
| /* Define strlcpy to an innocuous variant, in case <limits.h> declares strlcpy.
|    For example, HP-UX 11i <limits.h> declares gettimeofday.  */
| #define strlcpy innocuous_strlcpy
| 
| /* System header to define __stub macros and hopefully few prototypes,
|     which can conflict with char strlcpy (); below.
|     Prefer <limits.h> to <assert.h> if __STDC__ is defined, since
|     <limits.h> exists even on freestanding compilers.  */
| 
| #ifdef __STDC__
| # include <limits.h>
| #else
| # include <assert.h>
| #endif
| 
| #undef strlcpy
| 
| /* Override any GCC internal prototype to avoid an error.
|    Use char because int might match the return type of a GCC
|    builtin and then its argument prototype would still apply.  */
| #ifdef __cplusplus
| extern "C"
| #endif
| char strlcpy ();
| /* The GNU C library defines this for functions which it implements
|     to always fail with ENOSYS.  Some functions are actually named
|     something starting with __ and the normal name is an alias.  */
| #if defined __stub_strlcpy || defined __stub___strlcpy
| choke me
| #endif
| 
| int
| main ()
| {
| return strlcpy ();
|   ;
|   return 0;
| }
configure:12850: result: no
configure:12896: checking for size_t
configure:12896: gcc -c -g -O2  conftest.c >&5
configure:12896: $? = 0
configure:12896: gcc -c -g -O2  conftest.c >&5
conftest.c: In function 'main':
conftest.c:88:21: error: expected expression before ')' token
 if (sizeof ((size_t)))
                     ^
configure:12896: $? = 1
configure: failed program was:
| /* confdefs.h */
| #define PACKAGE_NAME "syncd"
| #define PACKAGE_TARNAME "syncd"
| #define PACKAGE_VERSION "0.2"
| #define PACKAGE_STRING "syncd 0.2"
| #define PACKAGE_BUGREPORT "bec8@students.calvin.edu"
| #define PACKAGE_URL ""
| #define PACKAGE "syncd"
| #define VERSION "0.2"
| #define STDC_HEADERS 1
| #define HAVE_SYS_TYPES_H 1
| #define HAVE_SYS_STAT_H 1
| #define HAVE_STDLIB_H 1
| #define HAVE_STRING_H 1
| #define HAVE_MEMORY_H 1
| #define HAVE_STRINGS_H 1
| #define HAVE_INTTYPES_H 1
| #define HAVE_STDINT_H 1
| #define HAVE_UNISTD_H 1
| #define HAVE_DLFCN_H 1
| #define LT_OBJDIR ".libs/"
| #define HAVE_LIBCURL 1
| #define HAVE_LIBLTDL 1
| #define HAVE_LIBPTHREAD 1
| #define HAVE_LIBJSON_C 1
| #define LT_MODULE_EXT ".so"
| #define LT_MODULE_PATH_VAR "LD_LIBRARY_PATH"
| #define LT_DLSEARCH_PATH "/lib:/usr/lib:/usr/lib/libfakeroot:/usr/lib32:/home/paul/syncd/lib"
| #define HAVE_LIBDL 1
| #define HAVE_DLERROR 1
| #define HAVE_LIBDLLOADER 1
| #define HAVE_ARGZ_H 1
| #define HAVE_ERROR_T 1
| #define HAVE_ARGZ_ADD 1
| #define HAVE_ARGZ_APPEND 1
| #define HAVE_ARGZ_COUNT 1
| #define HAVE_ARGZ_CREATE_SEP 1
| #define HAVE_ARGZ_INSERT 1
| #define HAVE_ARGZ_NEXT 1
| #define HAVE_ARGZ_STRINGIFY 1
| #define HAVE_WORKING_ARGZ 1
| #define HAVE_PRELOADED_SYMBOLS 1
| #define HAVE_LTDL 1
| #define HAVE_UNISTD_H 1
| #define HAVE_DIRENT_H 1
| #define HAVE_CLOSEDIR 1
| #define HAVE_OPENDIR 1
| #define HAVE_READDIR 1
| #define LT_LIBEXT "a"
| #define LT_LIBPREFIX "lib"
| /* end confdefs.h.  */
| #include <stdio.h>
| #ifdef HAVE_SYS_TYPES_H
| # include <sys/types.h>
| #endif
| #ifdef HAVE_SYS_STAT_H
| # include <sys/stat.h>
| #endif
| #ifdef STDC_HEADERS
| # include <stdlib.h>
| # include <stddef.h>
| #else
| # ifdef HAVE_STDLIB_H
| #  include <stdlib.h>
| # endif
| #endif
| #ifdef HAVE_STRING_H
| # if !defined STDC_HEADERS && defined HAVE_MEMORY_H
| #  include <memory.h>
| # endif
| # include <string.h>
| #endif
| #ifdef HAVE_STRINGS_H
| # include <strings.h>
| #endif
| #ifdef HAVE_INTTYPES_H
| # include <inttypes.h>
| #endif
| #ifdef HAVE_STDINT_H
| # include <stdint.h>
| #endif
| #ifdef HAVE_UNISTD_H
| # include <unistd.h>
| #endif
| int
| main ()
| {
| if (sizeof ((size_t)))
| 	    return 0;
|   ;
|   return 0;
| }
configure:12896: result: yes
configure:12909: checking for working alloca.h
configure:12926: gcc -o conftest -g -O2   conftest.c -ldl -ljson-c -lpthread -lltdl -lcurl  >&5
configure:12926: $? = 0
configure:12934: result: yes
configure:12942: checking for alloca
configure:12979: gcc -o conftest -g -O2   conftest.c -ldl -ljson-c -lpthread -lltdl -lcurl  >&5
configure:12979: $? = 0
configure:12987: result: yes
configure:13096: checking fcntl.h usability
configure:13096: gcc -c -g -O2  conftest.c >&5
configure:13096: $? = 0
configure:13096: result: yes
configure:13096: checking fcntl.h presence
configure:13096: gcc -E  conftest.c
configure:13096: $? = 0
configure:13096: result: yes
configure:13096: checking for fcntl.h
configure:13096: result: yes
configure:13096: checking limits.h usability
configure:13096: gcc -c -g -O2  conftest.c >&5
configure:13096: $? = 0
configure:13096: result: yes
configure:13096: checking limits.h presence
configure:13096: gcc -E  conftest.c
configure:13096: $? = 0
configure:13096: result: yes
configure:13096: checking for limits.h
configure:13096: result: yes
configure:13096: checking malloc.h usability
configure:13096: gcc -c -g -O2  conftest.c >&5
configure:13096: $? = 0
configure:13096: result: yes
configure:13096: checking malloc.h presence
configure:13096: gcc -E  conftest.c
configure:13096: $? = 0
configure:13096: result: yes
configure:13096: checking for malloc.h
configure:13096: result: yes
configure:13096: checking for stdlib.h
configure:13096: result: yes
configure:13096: checking for string.h
configure:13096: result: yes
configure:13096: checking sys/time.h usability
configure:13096: gcc -c -g -O2  conftest.c >&5
configure:13096: $? = 0
configure:13096: result: yes
configure:13096: checking sys/time.h presence
configure:13096: gcc -E  conftest.c
configure:13096: $? = 0
configure:13096: result: yes
configure:13096: checking for sys/time.h
configure:13096: result: yes
configure:13096: checking for unistd.h
configure:13096: result: yes
configure:13108: checking for stdbool.h that conforms to C99
configure:13175: gcc -c -g -O2  conftest.c >&5
configure:13175: $? = 0
configure:13182: result: yes
configure:13184: checking for _Bool
configure:13184: gcc -c -g -O2  conftest.c >&5
configure:13184: $? = 0
configure:13184: gcc -c -g -O2  conftest.c >&5
conftest.c: In function 'main':
conftest.c:97:20: error: expected expression before ')' token
 if (sizeof ((_Bool)))
                    ^
configure:13184: $? = 1
configure: failed program was:
| /* confdefs.h */
| #define PACKAGE_NAME "syncd"
| #define PACKAGE_TARNAME "syncd"
| #define PACKAGE_VERSION "0.2"
| #define PACKAGE_STRING "syncd 0.2"
| #define PACKAGE_BUGREPORT "bec8@students.calvin.edu"
| #define PACKAGE_URL ""
| #define PACKAGE "syncd"
| #define VERSION "0.2"
| #define STDC_HEADERS 1
| #define HAVE_SYS_TYPES_H 1
| #define HAVE_SYS_STAT_H 1
| #define HAVE_STDLIB_H 1
| #define HAVE_STRING_H 1
| #define HAVE_MEMORY_H 1
| #define HAVE_STRINGS_H 1
| #define HAVE_INTTYPES_H 1
| #define HAVE_STDINT_H 1
| #define HAVE_UNISTD_H 1
| #define HAVE_DLFCN_H 1
| #define LT_OBJDIR ".libs/"
| #define HAVE_LIBCURL 1
| #define HAVE_LIBLTDL 1
| #define HAVE_LIBPTHREAD 1
| #define HAVE_LIBJSON_C 1
| #define LT_MODULE_EXT ".so"
| #define LT_MODULE_PATH_VAR "LD_LIBRARY_PATH"
| #define LT_DLSEARCH_PATH "/lib:/usr/lib:/usr/lib/libfakeroot:/usr/lib32:/home/paul/syncd/lib"
| #define HAVE_LIBDL 1
| #define HAVE_DLERROR 1
| #define HAVE_LIBDLLOADER 1
| #define HAVE_ARGZ_H 1
| #define HAVE_ERROR_T 1
| #define HAVE_ARGZ_ADD 1
| #define HAVE_ARGZ_APPEND 1
| #define HAVE_ARGZ_COUNT 1
| #define HAVE_ARGZ_CREATE_SEP 1
| #define HAVE_ARGZ_INSERT 1
| #define HAVE_ARGZ_NEXT 1
| #define HAVE_ARGZ_STRINGIFY 1
| #define HAVE_WORKING_ARGZ 1
| #define HAVE_PRELOADED_SYMBOLS 1
| #define HAVE_LTDL 1
| #define HAVE_UNISTD_H 1
| #define HAVE_DIRENT_H 1
| #define HAVE_CLOSEDIR 1
| #define HAVE_OPENDIR 1
| #define HAVE_READDIR 1
| #define LT_LIBEXT "a"
| #define LT_LIBPREFIX "lib"
| #define HAVE_ALLOCA_H 1
| #define HAVE_ALLOCA 1
| #define HAVE_FCNTL_H 1
| #define HAVE_LIMITS_H 1
| #define HAVE_MALLOC_H 1
| #define HAVE_STDLIB_H 1
| #define HAVE_STRING_H 1
| #define HAVE_SYS_TIME_H 1
| #define HAVE_UNISTD_H 1
| /* end confdefs.h.  */
| #include <stdio.h>
| #ifdef HAVE_SYS_TYPES_H
| # include <sys/types.h>
| #endif
| #ifdef HAVE_SYS_STAT_H
| # include <sys/stat.h>
| #endif
| #ifdef STDC_HEADERS
| # include <stdlib.h>
| # include <stddef.h>
| #else
| # ifdef HAVE_STDLIB_H
| #  include <stdlib.h>
| # endif
| #endif
| #ifdef HAVE_STRING_H
| # if !defined STDC_HEADERS && defined HAVE_MEMORY_H
| #  include <memory.h>
| # endif
| # include <string.h>
| #endif
| #ifdef HAVE_STRINGS_H
| # include <strings.h>
| #endif
| #ifdef HAVE_INTTYPES_H
| # include <inttypes.h>
| #endif
| #ifdef HAVE_STDINT_H
| # include <stdint.h>
| #endif
| #ifdef HAVE_UNISTD_H
| # include <unistd.h>
| #endif
| int
| main ()
| {
| if (sizeof ((_Bool)))
| 	    return 0;
|   ;
|   return 0;
| }
configure:13184: result: yes
configure:13195: checking for mode_t
configure:13195: gcc -c -g -O2  conftest.c >&5
configure:13195: $? = 0
configure:13195: gcc -c -g -O2  conftest.c >&5
conftest.c: In function 'main':
conftest.c:98:21: error: expected expression before ')' token
 if (sizeof ((mode_t)))
                     ^
configure:13195: $? = 1
configure: failed program was:
| /* confdefs.h */
| #define PACKAGE_NAME "syncd"
| #define PACKAGE_TARNAME "syncd"
| #define PACKAGE_VERSION "0.2"
| #define PACKAGE_STRING "syncd 0.2"
| #define PACKAGE_BUGREPORT "bec8@students.calvin.edu"
| #define PACKAGE_URL ""
| #define PACKAGE "syncd"
| #define VERSION "0.2"
| #define STDC_HEADERS 1
| #define HAVE_SYS_TYPES_H 1
| #define HAVE_SYS_STAT_H 1
| #define HAVE_STDLIB_H 1
| #define HAVE_STRING_H 1
| #define HAVE_MEMORY_H 1
| #define HAVE_STRINGS_H 1
| #define HAVE_INTTYPES_H 1
| #define HAVE_STDINT_H 1
| #define HAVE_UNISTD_H 1
| #define HAVE_DLFCN_H 1
| #define LT_OBJDIR ".libs/"
| #define HAVE_LIBCURL 1
| #define HAVE_LIBLTDL 1
| #define HAVE_LIBPTHREAD 1
| #define HAVE_LIBJSON_C 1
| #define LT_MODULE_EXT ".so"
| #define LT_MODULE_PATH_VAR "LD_LIBRARY_PATH"
| #define LT_DLSEARCH_PATH "/lib:/usr/lib:/usr/lib/libfakeroot:/usr/lib32:/home/paul/syncd/lib"
| #define HAVE_LIBDL 1
| #define HAVE_DLERROR 1
| #define HAVE_LIBDLLOADER 1
| #define HAVE_ARGZ_H 1
| #define HAVE_ERROR_T 1
| #define HAVE_ARGZ_ADD 1
| #define HAVE_ARGZ_APPEND 1
| #define HAVE_ARGZ_COUNT 1
| #define HAVE_ARGZ_CREATE_SEP 1
| #define HAVE_ARGZ_INSERT 1
| #define HAVE_ARGZ_NEXT 1
| #define HAVE_ARGZ_STRINGIFY 1
| #define HAVE_WORKING_ARGZ 1
| #define HAVE_PRELOADED_SYMBOLS 1
| #define HAVE_LTDL 1
| #define HAVE_UNISTD_H 1
| #define HAVE_DIRENT_H 1
| #define HAVE_CLOSEDIR 1
| #define HAVE_OPENDIR 1
| #define HAVE_READDIR 1
| #define LT_LIBEXT "a"
| #define LT_LIBPREFIX "lib"
| #define HAVE_ALLOCA_H 1
| #define HAVE_ALLOCA 1
| #define HAVE_FCNTL_H 1
| #define HAVE_LIMITS_H 1
| #define HAVE_MALLOC_H 1
| #define HAVE_STDLIB_H 1
| #define HAVE_STRING_H 1
| #define HAVE_SYS_TIME_H 1
| #define HAVE_UNISTD_H 1
| #define HAVE__BOOL 1
| /* end confdefs.h.  */
| #include <stdio.h>
| #ifdef HAVE_SYS_TYPES_H
| # include <sys/types.h>
| #endif
| #ifdef HAVE_SYS_STAT_H
| # include <sys/stat.h>
| #endif
| #ifdef STDC_HEADERS
| # include <stdlib.h>
| # include <stddef.h>
| #else
| # ifdef HAVE_STDLIB_H
| #  include <stdlib.h>
| # endif
| #endif
| #ifdef HAVE_STRING_H
| # if !defined STDC_HEADERS && defined HAVE_MEMORY_H
| #  include <memory.h>
| # endif
| # include <string.h>
| #endif
| #ifdef HAVE_STRINGS_H
| # include <strings.h>
| #endif
| #ifdef HAVE_INTTYPES_H
| # include <inttypes.h>
| #endif
| #ifdef HAVE_STDINT_H
| # include <stdint.h>
| #endif
| #ifdef HAVE_UNISTD_H
| # include <unistd.h>
| #endif
| int
| main ()
| {
| if (sizeof ((mode_t)))
| 	    return 0;
|   ;
|   return 0;
| }
configure:13195: result: yes
configure:13206: checking for size_t
configure:13206: result: yes
configure:13219: checking for pid_t
configure:13219: gcc -c -g -O2  conftest.c >&5
configure:13219: $? = 0
configure:13219: gcc -c -g -O2  conftest.c >&5
conftest.c: In function 'main':
conftest.c:98:20: error: expected expression before ')' token
 if (sizeof ((pid_t)))
                    ^
configure:13219: $? = 1
configure: failed program was:
| /* confdefs.h */
| #define PACKAGE_NAME "syncd"
| #define PACKAGE_TARNAME "syncd"
| #define PACKAGE_VERSION "0.2"
| #define PACKAGE_STRING "syncd 0.2"
| #define PACKAGE_BUGREPORT "bec8@students.calvin.edu"
| #define PACKAGE_URL ""
| #define PACKAGE "syncd"
| #define VERSION "0.2"
| #define STDC_HEADERS 1
| #define HAVE_SYS_TYPES_H 1
| #define HAVE_SYS_STAT_H 1
| #define HAVE_STDLIB_H 1
| #define HAVE_STRING_H 1
| #define HAVE_MEMORY_H 1
| #define HAVE_STRINGS_H 1
| #define HAVE_INTTYPES_H 1
| #define HAVE_STDINT_H 1
| #define HAVE_UNISTD_H 1
| #define HAVE_DLFCN_H 1
| #define LT_OBJDIR ".libs/"
| #define HAVE_LIBCURL 1
| #define HAVE_LIBLTDL 1
| #define HAVE_LIBPTHREAD 1
| #define HAVE_LIBJSON_C 1
| #define LT_MODULE_EXT ".so"
| #define LT_MODULE_PATH_VAR "LD_LIBRARY_PATH"
| #define LT_DLSEARCH_PATH "/lib:/usr/lib:/usr/lib/libfakeroot:/usr/lib32:/home/paul/syncd/lib"
| #define HAVE_LIBDL 1
| #define HAVE_DLERROR 1
| #define HAVE_LIBDLLOADER 1
| #define HAVE_ARGZ_H 1
| #define HAVE_ERROR_T 1
| #define HAVE_ARGZ_ADD 1
| #define HAVE_ARGZ_APPEND 1
| #define HAVE_ARGZ_COUNT 1
| #define HAVE_ARGZ_CREATE_SEP 1
| #define HAVE_ARGZ_INSERT 1
| #define HAVE_ARGZ_NEXT 1
| #define HAVE_ARGZ_STRINGIFY 1
| #define HAVE_WORKING_ARGZ 1
| #define HAVE_PRELOADED_SYMBOLS 1
| #define HAVE_LTDL 1
| #define HAVE_UNISTD_H 1
| #define HAVE_DIRENT_H 1
| #define HAVE_CLOSEDIR 1
| #define HAVE_OPENDIR 1
| #define HAVE_READDIR 1
| #define LT_LIBEXT "a"
| #define LT_LIBPREFIX "lib"
| #define HAVE_ALLOCA_H 1
| #define HAVE_ALLOCA 1
| #define HAVE_FCNTL_H 1
| #define HAVE_LIMITS_H 1
| #define HAVE_MALLOC_H 1
| #define HAVE_STDLIB_H 1
| #define HAVE_STRING_H 1
| #define HAVE_SYS_TIME_H 1
| #define HAVE_UNISTD_H 1
| #define HAVE__BOOL 1
| /* end confdefs.h.  */
| #include <stdio.h>
| #ifdef HAVE_SYS_TYPES_H
| # include <sys/types.h>
| #endif
| #ifdef HAVE_SYS_STAT_H
| # include <sys/stat.h>
| #endif
| #ifdef STDC_HEADERS
| # include <stdlib.h>
| # include <stddef.h>
| #else
| # ifdef HAVE_STDLIB_H
| #  include <stdlib.h>
| # endif
| #endif
| #ifdef HAVE_STRING_H
| # if !defined STDC_HEADERS && defined HAVE_MEMORY_H
| #  include <memory.h>
| # endif
| # include <string.h>
| #endif
| #ifdef HAVE_STRINGS_H
| # include <strings.h>
| #endif
| #ifdef HAVE_INTTYPES_H
| # include <inttypes.h>
| #endif
| #ifdef HAVE_STDINT_H
| # include <stdint.h>
| #endif
| #ifdef HAVE_UNISTD_H
| # include <unistd.h>
| #endif
| int
| main ()
| {
| if (sizeof ((pid_t)))
| 	    return 0;
|   ;
|   return 0;
| }
configure:13219: result: yes
configure:13232: checking vfork.h usability
configure:13232: gcc -c -g -O2  conftest.c >&5
conftest.c:95:19: fatal error: vfork.h: No such file or directory
 #include <vfork.h>
                   ^
compilation terminated.
configure:13232: $? = 1
configure: failed program was:
| /* confdefs.h */
| #define PACKAGE_NAME "syncd"
| #define PACKAGE_TARNAME "syncd"
| #define PACKAGE_VERSION "0.2"
| #define PACKAGE_STRING "syncd 0.2"
| #define PACKAGE_BUGREPORT "bec8@students.calvin.edu"
| #define PACKAGE_URL ""
| #define PACKAGE "syncd"
| #define VERSION "0.2"
| #define STDC_HEADERS 1
| #define HAVE_SYS_TYPES_H 1
| #define HAVE_SYS_STAT_H 1
| #define HAVE_STDLIB_H 1
| #define HAVE_STRING_H 1
| #define HAVE_MEMORY_H 1
| #define HAVE_STRINGS_H 1
| #define HAVE_INTTYPES_H 1
| #define HAVE_STDINT_H 1
| #define HAVE_UNISTD_H 1
| #define HAVE_DLFCN_H 1
| #define LT_OBJDIR ".libs/"
| #define HAVE_LIBCURL 1
| #define HAVE_LIBLTDL 1
| #define HAVE_LIBPTHREAD 1
| #define HAVE_LIBJSON_C 1
| #define LT_MODULE_EXT ".so"
| #define LT_MODULE_PATH_VAR "LD_LIBRARY_PATH"
| #define LT_DLSEARCH_PATH "/lib:/usr/lib:/usr/lib/libfakeroot:/usr/lib32:/home/paul/syncd/lib"
| #define HAVE_LIBDL 1
| #define HAVE_DLERROR 1
| #define HAVE_LIBDLLOADER 1
| #define HAVE_ARGZ_H 1
| #define HAVE_ERROR_T 1
| #define HAVE_ARGZ_ADD 1
| #define HAVE_ARGZ_APPEND 1
| #define HAVE_ARGZ_COUNT 1
| #define HAVE_ARGZ_CREATE_SEP 1
| #define HAVE_ARGZ_INSERT 1
| #define HAVE_ARGZ_NEXT 1
| #define HAVE_ARGZ_STRINGIFY 1
| #define HAVE_WORKING_ARGZ 1
| #define HAVE_PRELOADED_SYMBOLS 1
| #define HAVE_LTDL 1
| #define HAVE_UNISTD_H 1
| #define HAVE_DIRENT_H 1
| #define HAVE_CLOSEDIR 1
| #define HAVE_OPENDIR 1
| #define HAVE_READDIR 1
| #define LT_LIBEXT "a"
| #define LT_LIBPREFIX "lib"
| #define HAVE_ALLOCA_H 1
| #define HAVE_ALLOCA 1
| #define HAVE_FCNTL_H 1
| #define HAVE_LIMITS_H 1
| #define HAVE_MALLOC_H 1
| #define HAVE_STDLIB_H 1
| #define HAVE_STRING_H 1
| #define HAVE_SYS_TIME_H 1
| #define HAVE_UNISTD_H 1
| #define HAVE__BOOL 1
| /* end confdefs.h.  */
| #include <stdio.h>
| #ifdef HAVE_SYS_TYPES_H
| # include <sys/types.h>
| #endif
| #ifdef HAVE_SYS_STAT_H
| # include <sys/stat.h>
| #endif
| #ifdef STDC_HEADERS
| # include <stdlib.h>
| # include <stddef.h>
| #else
| # ifdef HAVE_STDLIB_H
| #  include <stdlib.h>
| # endif
| #endif
| #ifdef HAVE_STRING_H
| # if !defined STDC_HEADERS && defined HAVE_MEMORY_H
| #  include <memory.h>
| # endif
| # include <string.h>
| #endif
| #ifdef HAVE_STRINGS_H
| # include <strings.h>
| #endif
| #ifdef HAVE_INTTYPES_H
| # include <inttypes.h>
| #endif
| #ifdef HAVE_STDINT_H
| # include <stdint.h>
| #endif
| #ifdef HAVE_UNISTD_H
| # include <unistd.h>
| #endif
| #include <vfork.h>
configure:13232: result: no
configure:13232: checking vfork.h presence
configure:13232: gcc -E  conftest.c
conftest.c:62:19: fatal error: vfork.h: No such file or directory
 #include <vfork.h>
                   ^
compilation terminated.
configure:13232: $? = 1
configure: failed program was:
| /* confdefs.h */
| #define PACKAGE_NAME "syncd"
| #define PACKAGE_TARNAME "syncd"
| #define PACKAGE_VERSION "0.2"
| #define PACKAGE_STRING "syncd 0.2"
| #define PACKAGE_BUGREPORT "bec8@students.calvin.edu"
| #define PACKAGE_URL ""
| #define PACKAGE "syncd"
| #define VERSION "0.2"
| #define STDC_HEADERS 1
| #define HAVE_SYS_TYPES_H 1
| #define HAVE_SYS_STAT_H 1
| #define HAVE_STDLIB_H 1
| #define HAVE_STRING_H 1
| #define HAVE_MEMORY_H 1
| #define HAVE_STRINGS_H 1
| #define HAVE_INTTYPES_H 1
| #define HAVE_STDINT_H 1
| #define HAVE_UNISTD_H 1
| #define HAVE_DLFCN_H 1
| #define LT_OBJDIR ".libs/"
| #define HAVE_LIBCURL 1
| #define HAVE_LIBLTDL 1
| #define HAVE_LIBPTHREAD 1
| #define HAVE_LIBJSON_C 1
| #define LT_MODULE_EXT ".so"
| #define LT_MODULE_PATH_VAR "LD_LIBRARY_PATH"
| #define LT_DLSEARCH_PATH "/lib:/usr/lib:/usr/lib/libfakeroot:/usr/lib32:/home/paul/syncd/lib"
| #define HAVE_LIBDL 1
| #define HAVE_DLERROR 1
| #define HAVE_LIBDLLOADER 1
| #define HAVE_ARGZ_H 1
| #define HAVE_ERROR_T 1
| #define HAVE_ARGZ_ADD 1
| #define HAVE_ARGZ_APPEND 1
| #define HAVE_ARGZ_COUNT 1
| #define HAVE_ARGZ_CREATE_SEP 1
| #define HAVE_ARGZ_INSERT 1
| #define HAVE_ARGZ_NEXT 1
| #define HAVE_ARGZ_STRINGIFY 1
| #define HAVE_WORKING_ARGZ 1
| #define HAVE_PRELOADED_SYMBOLS 1
| #define HAVE_LTDL 1
| #define HAVE_UNISTD_H 1
| #define HAVE_DIRENT_H 1
| #define HAVE_CLOSEDIR 1
| #define HAVE_OPENDIR 1
| #define HAVE_READDIR 1
| #define LT_LIBEXT "a"
| #define LT_LIBPREFIX "lib"
| #define HAVE_ALLOCA_H 1
| #define HAVE_ALLOCA 1
| #define HAVE_FCNTL_H 1
| #define HAVE_LIMITS_H 1
| #define HAVE_MALLOC_H 1
| #define HAVE_STDLIB_H 1
| #define HAVE_STRING_H 1
| #define HAVE_SYS_TIME_H 1
| #define HAVE_UNISTD_H 1
| #define HAVE__BOOL 1
| /* end confdefs.h.  */
| #include <vfork.h>
configure:13232: result: no
configure:13232: checking for vfork.h
configure:13232: result: no
configure:13245: checking for fork
configure:13245: gcc -o conftest -g -O2   conftest.c -ldl -ljson-c -lpthread -lltdl -lcurl  >&5
conftest.c:85:6: warning: conflicting types for built-in function 'fork'
 char fork ();
      ^
configure:13245: $? = 0
configure:13245: result: yes
configure:13245: checking for vfork
configure:13245: gcc -o conftest -g -O2   conftest.c -ldl -ljson-c -lpthread -lltdl -lcurl  >&5
configure:13245: $? = 0
configure:13245: result: yes
configure:13255: checking for working fork
configure:13277: gcc -o conftest -g -O2   conftest.c -ldl -ljson-c -lpthread -lltdl -lcurl  >&5
configure:13277: $? = 0
configure:13277: ./conftest
configure:13277: $? = 0
configure:13287: result: yes
configure:13308: checking for working vfork
configure:13418: result: yes
configure:13445: checking for stdlib.h
configure:13445: result: yes
configure:13455: checking for GNU libc compatible malloc
configure:13479: gcc -o conftest -g -O2   conftest.c -ldl -ljson-c -lpthread -lltdl -lcurl  >&5
configure:13479: $? = 0
configure:13479: ./conftest
configure:13479: $? = 0
configure:13489: result: yes
configure:13510: checking whether time.h and sys/time.h may both be included
configure:13530: gcc -c -g -O2  conftest.c >&5
configure:13530: $? = 0
configure:13537: result: yes
configure:13551: checking for sys/time.h
configure:13551: result: yes
configure:13551: checking for unistd.h
configure:13551: result: yes
configure:13551: checking for stdlib.h
configure:13551: result: yes
configure:13551: checking for sys/param.h
configure:13551: gcc -c -g -O2  conftest.c >&5
configure:13551: $? = 0
configure:13551: result: yes
configure:13572: checking for alarm
configure:13572: gcc -o conftest -g -O2   conftest.c -ldl -ljson-c -lpthread -lltdl -lcurl  >&5
configure:13572: $? = 0
configure:13572: result: yes
configure:13585: checking for working mktime
configure:13787: gcc -o conftest -g -O2   conftest.c -ldl -ljson-c -lpthread -lltdl -lcurl  >&5
configure:13787: $? = 0
configure:13787: ./conftest
configure:13787: $? = 0
configure:13797: result: yes
configure:13815: checking for getpagesize
configure:13815: gcc -o conftest -g -O2   conftest.c -ldl -ljson-c -lpthread -lltdl -lcurl  >&5
configure:13815: $? = 0
configure:13815: result: yes
configure:13824: checking for working mmap
configure:13971: gcc -o conftest -g -O2   conftest.c -ldl -ljson-c -lpthread -lltdl -lcurl  >&5
configure:13971: $? = 0
configure:13971: ./conftest
configure:13971: $? = 0
configure:13981: result: yes
configure:13992: checking for stdlib.h
configure:13992: result: yes
configure:14002: checking for GNU libc compatible realloc
configure:14026: gcc -o conftest -g -O2   conftest.c -ldl -ljson-c -lpthread -lltdl -lcurl  >&5
configure:14026: $? = 0
configure:14026: ./conftest
configure:14026: $? = 0
configure:14036: result: yes
configure:14060: checking for ftruncate
configure:14060: gcc -o conftest -g -O2   conftest.c -ldl -ljson-c -lpthread -lltdl -lcurl  >&5
configure:14060: $? = 0
configure:14060: result: yes
configure:14060: checking for mkdir
configure:14060: gcc -o conftest -g -O2   conftest.c -ldl -ljson-c -lpthread -lltdl -lcurl  >&5
configure:14060: $? = 0
configure:14060: result: yes
configure:14060: checking for strchr
configure:14060: gcc -o conftest -g -O2   conftest.c -ldl -ljson-c -lpthread -lltdl -lcurl  >&5
conftest.c:103:6: warning: conflicting types for built-in function 'strchr'
 char strchr ();
      ^
configure:14060: $? = 0
configure:14060: result: yes
configure:14060: checking for strdup
configure:14060: gcc -o conftest -g -O2   conftest.c -ldl -ljson-c -lpthread -lltdl -lcurl  >&5
conftest.c:104:6: warning: conflicting types for built-in function 'strdup'
 char strdup ();
      ^
configure:14060: $? = 0
configure:14060: result: yes
configure:14060: checking for strerror
configure:14060: gcc -o conftest -g -O2   conftest.c -ldl -ljson-c -lpthread -lltdl -lcurl  >&5
configure:14060: $? = 0
configure:14060: result: yes
configure:14181: checking that generated files are newer than configure
configure:14187: result: done
configure:14235: creating ./config.status

## ---------------------- ##
## Running config.status. ##
## ---------------------- ##

This file was extended by syncd config.status 0.2, which was
generated by GNU Autoconf 2.69.  Invocation command line was

  CONFIG_FILES    = 
  CONFIG_HEADERS  = 
  CONFIG_LINKS    = 
  CONFIG_COMMANDS = 
  $ ./config.status 

on Moby

config.status:1166: creating libltdl/Makefile
config.status:1166: creating Makefile
config.status:1166: creating libdropbox/Makefile
config.status:1166: creating librest/Makefile
config.status:1166: creating libexec/Makefile
config.status:1166: creating src/Makefile
config.status:1166: creating config.h
config.status:1347: config.h is unchanged
config.status:1395: executing depfiles commands
config.status:1395: executing libtool commands

## ---------------- ##
## Cache variables. ##
## ---------------- ##

ac_cv_build=x86_64-unknown-linux-gnu
ac_cv_c_compiler_gnu=yes
ac_cv_env_CC_set=
ac_cv_env_CC_value=
ac_cv_env_CFLAGS_set=
ac_cv_env_CFLAGS_value=
ac_cv_env_CPPFLAGS_set=
ac_cv_env_CPPFLAGS_value=
ac_cv_env_CPP_set=
ac_cv_env_CPP_value=
ac_cv_env_LDFLAGS_set=
ac_cv_env_LDFLAGS_value=
ac_cv_env_LIBS_set=
ac_cv_env_LIBS_value=
ac_cv_env_build_alias_set=
ac_cv_env_build_alias_value=
ac_cv_env_host_alias_set=
ac_cv_env_host_alias_value=
ac_cv_env_target_alias_set=
ac_cv_env_target_alias_value=
ac_cv_func_alarm=yes
ac_cv_func_alloca_works=yes
ac_cv_func_argz_add=yes
ac_cv_func_argz_append=yes
ac_cv_func_argz_count=yes
ac_cv_func_argz_create_sep=yes
ac_cv_func_argz_insert=yes
ac_cv_func_argz_next=yes
ac_cv_func_argz_stringify=yes
ac_cv_func_closedir=yes
ac_cv_func_dlerror=yes
ac_cv_func_dlopen=no
ac_cv_func_fork=yes
ac_cv_func_fork_works=yes
ac_cv_func_ftruncate=yes
ac_cv_func_getpagesize=yes
ac_cv_func_malloc_0_nonnull=yes
ac_cv_func_mkdir=yes
ac_cv_func_mmap_fixed_mapped=yes
ac_cv_func_opendir=yes
ac_cv_func_readdir=yes
ac_cv_func_realloc_0_nonnull=yes
ac_cv_func_shl_load=no
ac_cv_func_strchr=yes
ac_cv_func_strdup=yes
ac_cv_func_strerror=yes
ac_cv_func_strlcat=no
ac_cv_func_strlcpy=no
ac_cv_func_vfork=yes
ac_cv_func_vfork_works=yes
ac_cv_func_working_mktime=yes
ac_cv_have_decl_lt_dlinterface_register=yes
ac_cv_header_argz_h=yes
ac_cv_header_dirent_h=yes
ac_cv_header_dl_h=no
ac_cv_header_dld_h=no
ac_cv_header_dlfcn_h=yes
ac_cv_header_fcntl_h=yes
ac_cv_header_inttypes_h=yes
ac_cv_header_limits_h=yes
ac_cv_header_ltdl_h=yes
ac_cv_header_mach_o_dyld_h=no
ac_cv_header_malloc_h=yes
ac_cv_header_memory_h=yes
ac_cv_header_stdbool_h=yes
ac_cv_header_stdc=yes
ac_cv_header_stdint_h=yes
ac_cv_header_stdlib_h=yes
ac_cv_header_string_h=yes
ac_cv_header_strings_h=yes
ac_cv_header_sys_dl_h=no
ac_cv_header_sys_param_h=yes
ac_cv_header_sys_stat_h=yes
ac_cv_header_sys_time_h=yes
ac_cv_header_sys_types_h=yes
ac_cv_header_time=yes
ac_cv_header_unistd_h=yes
ac_cv_header_vfork_h=no
ac_cv_host=x86_64-unknown-linux-gnu
ac_cv_lib_curl_curl_global_init=yes
ac_cv_lib_dl_dlopen=yes
ac_cv_lib_dld_dld_link=no
ac_cv_lib_dld_shl_load=no
ac_cv_lib_json_c_json_object_new_object=yes
ac_cv_lib_ltdl_lt_dladvise_preload=yes
ac_cv_lib_ltdl_lt_dlsym=yes
ac_cv_lib_pthread_pthread_create=yes
ac_cv_lib_rest_rest_build_param=no
ac_cv_objext=o
ac_cv_path_EGREP='/usr/bin/grep -E'
ac_cv_path_FGREP='/usr/bin/grep -F'
ac_cv_path_GREP=/usr/bin/grep
ac_cv_path_SED=/usr/bin/sed
ac_cv_path_install='/usr/bin/install -c'
ac_cv_path_mkdir=/usr/bin/mkdir
ac_cv_prog_AWK=gawk
ac_cv_prog_CPP='gcc -E'
ac_cv_prog_ac_ct_AR=ar
ac_cv_prog_ac_ct_CC=gcc
ac_cv_prog_ac_ct_OBJDUMP=objdump
ac_cv_prog_ac_ct_RANLIB=ranlib
ac_cv_prog_ac_ct_STRIP=strip
ac_cv_prog_cc_c89=
ac_cv_prog_cc_g=yes
ac_cv_prog_make_make_set=yes
ac_cv_search_dlopen=-ldl
ac_cv_type__Bool=yes
ac_cv_type_error_t=yes
ac_cv_type_mode_t=yes
ac_cv_type_pid_t=yes
ac_cv_type_size_t=yes
ac_cv_working_alloca_h=yes
am_cv_CC_dependencies_compiler_type=gcc3
am_cv_make_support_nested_variables=yes
am_cv_prog_cc_c_o=yes
libltdl_cv_lib_dl_dlopen=yes
libltdl_cv_preloaded_symbols=yes
libltdl_cv_shlibext=.so
libltdl_cv_shrext=.so
lt_cv_ar_at_file=@
lt_cv_archive_cmds_need_lc=no
lt_cv_deplibs_check_method=pass_all
lt_cv_dlopen=dlopen
lt_cv_dlopen_libs=-ldl
lt_cv_dlopen_self=yes
lt_cv_dlopen_self_static=no
lt_cv_file_magic_cmd='$MAGIC_CMD'
lt_cv_file_magic_test_file=
lt_cv_ld_reload_flag=-r
lt_cv_module_path_var=LD_LIBRARY_PATH
lt_cv_nm_interface='BSD nm'
lt_cv_objdir=.libs
lt_cv_path_LD=/usr/bin/ld
lt_cv_path_NM='/usr/bin/nm -B'
lt_cv_path_mainfest_tool=no
lt_cv_prog_compiler_c_o=yes
lt_cv_prog_compiler_pic='-fPIC -DPIC'
lt_cv_prog_compiler_pic_works=yes
lt_cv_prog_compiler_rtti_exceptions=no
lt_cv_prog_compiler_static_works=yes
lt_cv_prog_gnu_ld=yes
lt_cv_sharedlib_from_linklib_cmd='printf %s\n'
lt_cv_shlibpath_overrides_runpath=no
lt_cv_sys_argz_works=yes
lt_cv_sys_dlopen_deplibs=yes
lt_cv_sys_dlsearch_path='/lib /usr/lib /usr/lib/libfakeroot /usr/lib32 /home/paul/syncd/lib '
lt_cv_sys_global_symbol_pipe='sed -n -e '\''s/^.*[	 ]\([ABCDGIRSTW][ABCDGIRSTW]*\)[	 ][	 ]*\([_A-Za-z][_A-Za-z0-9]*\)$/\1 \2 \2/p'\'' | sed '\''/ __gnu_lto/d'\'''
lt_cv_sys_global_symbol_to_c_name_address='sed -n -e '\''s/^: \([^ ]*\)[ ]*$/  {\"\1\", (void *) 0},/p'\'' -e '\''s/^[ABCDGIRSTW]* \([^ ]*\) \([^ ]*\)$/  {"\2", (void *) \&\2},/p'\'''
lt_cv_sys_global_symbol_to_c_name_address_lib_prefix='sed -n -e '\''s/^: \([^ ]*\)[ ]*$/  {\"\1\", (void *) 0},/p'\'' -e '\''s/^[ABCDGIRSTW]* \([^ ]*\) \(lib[^ ]*\)$/  {"\2", (void *) \&\2},/p'\'' -e '\''s/^[ABCDGIRSTW]* \([^ ]*\) \([^ ]*\)$/  {"lib\2", (void *) \&\2},/p'\'''
lt_cv_sys_global_symbol_to_cdecl='sed -n -e '\''s/^T .* \(.*\)$/extern int \1();/p'\'' -e '\''s/^[ABCDGIRSTW]* .* \(.*\)$/extern char \1;/p'\'''
lt_cv_sys_max_cmd_len=1572864
lt_cv_sys_symbol_underscore=no
lt_cv_to_host_file_cmd=func_convert_file_noop
lt_cv_to_tool_file_cmd=func_convert_file_noop

## ----------------- ##
## Output variables. ##
## ----------------- ##

ACLOCAL='${SHELL} /home/paul/src/syncd/missing aclocal-1.14'
ALLOCA=''
AMDEPBACKSLASH='\'
AMDEP_FALSE='#'
AMDEP_TRUE=''
AMTAR='$${TAR-tar}'
AM_BACKSLASH='\'
AM_DEFAULT_V='$(AM_DEFAULT_VERBOSITY)'
AM_DEFAULT_VERBOSITY='1'
AM_V='$(V)'
AR='ar'
ARGZ_H=''
AUTOCONF='${SHELL} /home/paul/src/syncd/missing autoconf'
AUTOHEADER='${SHELL} /home/paul/src/syncd/missing autoheader'
AUTOMAKE='${SHELL} /home/paul/src/syncd/missing automake-1.14'
AWK='gawk'
CC='gcc'
CCDEPMODE='depmode=gcc3'
CFLAGS='-g -O2'
CONVENIENCE_LTDL_FALSE='#'
CONVENIENCE_LTDL_TRUE=''
CPP='gcc -E'
CPPFLAGS=''
CYGPATH_W='echo'
DEFS='-DHAVE_CONFIG_H'
DEPDIR='.deps'
DLLTOOL='false'
DSYMUTIL=''
DUMPBIN=''
ECHO_C=''
ECHO_N='-n'
ECHO_T=''
EGREP='/usr/bin/grep -E'
EXEEXT=''
FGREP='/usr/bin/grep -F'
GREP='/usr/bin/grep'
INCLTDL=''
INSTALL_DATA='${INSTALL} -m 644'
INSTALL_LTDL_FALSE=''
INSTALL_LTDL_TRUE='#'
INSTALL_PROGRAM='${INSTALL}'
INSTALL_SCRIPT='${INSTALL}'
INSTALL_STRIP_PROGRAM='$(install_sh) -c -s'
LD='/usr/bin/ld -m elf_x86_64'
LDFLAGS=''
LIBADD_DL='-ldl '
LIBADD_DLD_LINK=''
LIBADD_DLOPEN='-ldl'
LIBADD_SHL_LOAD=''
LIBLTDL='-lltdl'
LIBOBJS=''
LIBS='-ldl -ljson-c -lpthread -lltdl -lcurl '
LIBTOOL='$(SHELL) $(top_builddir)/libtool'
LIPO=''
LN_S='ln -s'
LTDLDEPS=''
LTDLINCL=''
LTDLOPEN='libltdl'
LTLIBOBJS=''
LT_CONFIG_H='config.h'
LT_DLLOADERS=' dlopen.la'
LT_DLPREOPEN='-dlpreopen dlopen.la '
MAKEINFO='${SHELL} /home/paul/src/syncd/missing makeinfo'
MANIFEST_TOOL=':'
MKDIR_P='/usr/bin/mkdir -p'
NM='/usr/bin/nm -B'
NMEDIT=''
OBJDUMP='objdump'
OBJEXT='o'
OTOOL64=''
OTOOL=''
PACKAGE='syncd'
PACKAGE_BUGREPORT='bec8@students.calvin.edu'
PACKAGE_NAME='syncd'
PACKAGE_STRING='syncd 0.2'
PACKAGE_TARNAME='syncd'
PACKAGE_URL=''
PACKAGE_VERSION='0.2'
PATH_SEPARATOR=':'
RANLIB='ranlib'
SED='/usr/bin/sed'
SET_MAKE=''
SHELL='/bin/sh'
STRIP='strip'
VERSION='0.2'
ac_ct_AR='ar'
ac_ct_CC='gcc'
ac_ct_DUMPBIN=''
am__EXEEXT_FALSE=''
am__EXEEXT_TRUE='#'
am__fastdepCC_FALSE='#'
am__fastdepCC_TRUE=''
am__include='include'
am__isrc=''
am__leading_dot='.'
am__nodep='_no'
am__quote=''
am__tar='$${TAR-tar} chof - "$$tardir"'
am__untar='$${TAR-tar} xf -'
bindir='${exec_prefix}/bin'
build='x86_64-unknown-linux-gnu'
build_alias=''
build_cpu='x86_64'
build_os='linux-gnu'
build_vendor='unknown'
datadir='${datarootdir}'
datarootdir='${prefix}/share'
docdir='${datarootdir}/doc/${PACKAGE_TARNAME}'
dvidir='${docdir}'
exec_prefix='${prefix}'
host='x86_64-unknown-linux-gnu'
host_alias=''
host_cpu='x86_64'
host_os='linux-gnu'
host_vendor='unknown'
htmldir='${docdir}'
includedir='${prefix}/include'
infodir='${datarootdir}/info'
install_sh='${SHELL} /home/paul/src/syncd/install-sh'
libdir='${exec_prefix}/lib'
libexecdir='${exec_prefix}/libexec'
localedir='${datarootdir}/locale'
localstatedir='${prefix}/var'
ltdl_LIBOBJS=' lt__strl.o'
ltdl_LTLIBOBJS=' lt__strl.lo'
mandir='${datarootdir}/man'
mkdir_p='$(MKDIR_P)'
oldincludedir='/usr/include'
pdfdir='${docdir}'
prefix='/home/paul/syncd'
program_transform_name='s,x,x,'
psdir='${docdir}'
sbindir='${exec_prefix}/sbin'
sharedstatedir='${prefix}/com'
sys_symbol_underscore='no'
sysconfdir='${prefix}/etc'
target_alias=''

## ----------- ##
## confdefs.h. ##
## ----------- ##

/* confdefs.h */
#define PACKAGE_NAME "syncd"
#define PACKAGE_TARNAME "syncd"
#define PACKAGE_VERSION "0.2"
#define PACKAGE_STRING "syncd 0.2"
#define PACKAGE_BUGREPORT "bec8@students.calvin.edu"
#define PACKAGE_URL ""
#define PACKAGE "syncd"
#define VERSION "0.2"
#define STDC_HEADERS 1
#define HAVE_SYS_TYPES_H 1
#define HAVE_SYS_STAT_H 1
#define HAVE_STDLIB_H 1
#define HAVE_STRING_H 1
#define HAVE_MEMORY_H 1
#define HAVE_STRINGS_H 1
#define HAVE_INTTYPES_H 1
#define HAVE_STDINT_H 1
#define HAVE_UNISTD_H 1
#define HAVE_DLFCN_H 1
#define LT_OBJDIR ".libs/"
#define HAVE_LIBCURL 1
#define HAVE_LIBLTDL 1
#define HAVE_LIBPTHREAD 1
#define HAVE_LIBJSON_C 1
#define LT_MODULE_EXT ".so"
#define LT_MODULE_PATH_VAR "LD_LIBRARY_PATH"
#define LT_DLSEARCH_PATH "/lib:/usr/lib:/usr/lib/libfakeroot:/usr/lib32:/home/paul/syncd/lib"
#define HAVE_LIBDL 1
#define HAVE_DLERROR 1
#define HAVE_LIBDLLOADER 1
#define HAVE_ARGZ_H 1
#define HAVE_ERROR_T 1
#define HAVE_ARGZ_ADD 1
#define HAVE_ARGZ_APPEND 1
#define HAVE_ARGZ_COUNT 1
#define HAVE_ARGZ_CREATE_SEP 1
#define HAVE_ARGZ_INSERT 1
#define HAVE_ARGZ_NEXT 1
#define HAVE_ARGZ_STRINGIFY 1
#define HAVE_WORKING_ARGZ 1
#define HAVE_PRELOADED_SYMBOLS 1
#define HAVE_LTDL 1
#define HAVE_UNISTD_H 1
#define HAVE_DIRENT_H 1
#define HAVE_CLOSEDIR 1
#define HAVE_OPENDIR 1
#define HAVE_READDIR 1
#define LT_LIBEXT "a"
#define LT_LIBPREFIX "lib"
#define HAVE_ALLOCA_H 1
#define HAVE_ALLOCA 1
#define HAVE_FCNTL_H 1
#define HAVE_LIMITS_H 1
#define HAVE_MALLOC_H 1
#define HAVE_STDLIB_H 1
#define HAVE_STRING_H 1
#define HAVE_SYS_TIME_H 1
#define HAVE_UNISTD_H 1
#define HAVE__BOOL 1
#define HAVE_FORK 1
#define HAVE_VFORK 1
#define HAVE_WORKING_VFORK 1
#define HAVE_WORKING_FORK 1
#define HAVE_STDLIB_H 1
#define HAVE_MALLOC 1
#define TIME_WITH_SYS_TIME 1
#define HAVE_SYS_TIME_H 1
#define HAVE_UNISTD_H 1
#define HAVE_STDLIB_H 1
#define HAVE_SYS_PARAM_H 1
#define HAVE_ALARM 1
#define HAVE_GETPAGESIZE 1
#define HAVE_MMAP 1
#define HAVE_STDLIB_H 1
#define HAVE_REALLOC 1
#define HAVE_FTRUNCATE 1
#define HAVE_MKDIR 1
#define HAVE_STRCHR 1
#define HAVE_STRDUP 1
#define HAVE_STRERROR 1

configure: exit 0

## ---------------------- ##
## Running config.status. ##
## ---------------------- ##

This file was extended by syncd config.status 0.2, which was
generated by GNU Autoconf 2.69.  Invocation command line was

  CONFIG_FILES    = 
  CONFIG_HEADERS  = 
  CONFIG_LINKS    = 
  CONFIG_COMMANDS = 
  $ ./config.status libexec/Makefile depfiles

on Moby

config.status:1166: creating libexec/Makefile
config.status:1395: executing depfiles commands
